INFO: [VRFC 10-2263] Analyzing Verilog file "C:/Users/ASUS/Desktop/DSD_AZ/clone/DSD_Lab_AYA/Ex_2/room/room.ip_user_files/bd/counter_4/sim/counter_4.v" into library xil_defaultlib
INFO: [VRFC 10-311] analyzing module DFF_imp_1EUD4QC
INFO: [VRFC 10-311] analyzing module DFF_imp_1KFF5YN
INFO: [VRFC 10-311] analyzing module DFF_imp_BPGZSY
INFO: [VRFC 10-311] analyzing module DFF_imp_NY6U1L
INFO: [VRFC 10-311] analyzing module JK_FF_0_imp_WEXMUM
INFO: [VRFC 10-311] analyzing module JK_FF_1_imp_170XEQ8
INFO: [VRFC 10-311] analyzing module JK_FF_2_imp_V497TF
INFO: [VRFC 10-311] analyzing module JK_FF_3_imp_18D4FL9
INFO: [VRFC 10-311] analyzing module counter_4
INFO: [VRFC 10-311] analyzing module nand_3_0_imp_16VCLVO
INFO: [VRFC 10-311] analyzing module nand_3_0_imp_1TLDCL5
INFO: [VRFC 10-311] analyzing module nand_3_0_imp_JEVIO
INFO: [VRFC 10-311] analyzing module nand_3_0_imp_X1GRAL
INFO: [VRFC 10-311] analyzing module nand_3_1_imp_10ETVR
INFO: [VRFC 10-311] analyzing module nand_3_1_imp_16EO2DV
INFO: [VRFC 10-311] analyzing module nand_3_1_imp_1U3C8J2
INFO: [VRFC 10-311] analyzing module nand_3_1_imp_WJ6GHM
INFO: [VRFC 10-311] analyzing module nand_3_2_imp_17YVZ09
INFO: [VRFC 10-311] analyzing module nand_3_2_imp_1E42ZX
INFO: [VRFC 10-311] analyzing module nand_3_2_imp_1SJ3MX0
INFO: [VRFC 10-311] analyzing module nand_3_2_imp_W5HWCW
INFO: [VRFC 10-311] analyzing module nand_3_3_imp_17BLV72
INFO: [VRFC 10-311] analyzing module nand_3_3_imp_1T53DOZ
INFO: [VRFC 10-311] analyzing module nand_3_3_imp_212RY2
INFO: [VRFC 10-311] analyzing module nand_3_3_imp_VJTKG7
INFO: [VRFC 10-311] analyzing module nand_3_4_imp_14WGUYM
INFO: [VRFC 10-311] analyzing module nand_3_4_imp_1ROX1FN
INFO: [VRFC 10-311] analyzing module nand_3_4_imp_28XI7E
INFO: [VRFC 10-311] analyzing module nand_3_4_imp_Z8J4UV
INFO: [VRFC 10-311] analyzing module nand_3_5_imp_14ARGX5
INFO: [VRFC 10-311] analyzing module nand_3_5_imp_1SBTYZ8
INFO: [VRFC 10-311] analyzing module nand_3_5_imp_2UYB3X
INFO: [VRFC 10-311] analyzing module nand_3_5_imp_YLASG0
INFO: [VRFC 10-311] analyzing module nand_3_6_imp_162DWN7
INFO: [VRFC 10-311] analyzing module nand_3_6_imp_1QK6U2M
INFO: [VRFC 10-311] analyzing module nand_3_6_imp_3L87RR
INFO: [VRFC 10-311] analyzing module nand_3_6_imp_XV1KYY
INFO: [VRFC 10-311] analyzing module nand_3_7_imp_15K5CUS
INFO: [VRFC 10-311] analyzing module nand_3_7_imp_1R17U5L
INFO: [VRFC 10-311] analyzing module nand_3_7_imp_435COW
INFO: [VRFC 10-311] analyzing module nand_3_7_imp_XEBZR1
INFO: [VRFC 10-2263] Analyzing Verilog file "C:/Users/ASUS/Desktop/DSD_AZ/clone/DSD_Lab_AYA/Ex_2/room/room.ip_user_files/bd/counter_4/ip/counter_4_util_vector_logic_0_33/sim/counter_4_util_vector_logic_0_33.v" into library xil_defaultlib
INFO: [VRFC 10-311] analyzing module counter_4_util_vector_logic_0_33
INFO: [VRFC 10-2263] Analyzing Verilog file "C:/Users/ASUS/Desktop/DSD_AZ/clone/DSD_Lab_AYA/Ex_2/room/room.ip_user_files/bd/counter_4/ip/counter_4_util_vector_logic_2_30/sim/counter_4_util_vector_logic_2_30.v" into library xil_defaultlib
INFO: [VRFC 10-311] analyzing module counter_4_util_vector_logic_2_30
INFO: [VRFC 10-2263] Analyzing Verilog file "C:/Users/ASUS/Desktop/DSD_AZ/clone/DSD_Lab_AYA/Ex_2/room/room.ip_user_files/bd/counter_4/ip/counter_4_util_vector_logic_0_34/sim/counter_4_util_vector_logic_0_34.v" into library xil_defaultlib
INFO: [VRFC 10-311] analyzing module counter_4_util_vector_logic_0_34
INFO: [VRFC 10-2263] Analyzing Verilog file "C:/Users/ASUS/Desktop/DSD_AZ/clone/DSD_Lab_AYA/Ex_2/room/room.ip_user_files/bd/counter_4/ip/counter_4_util_vector_logic_2_31/sim/counter_4_util_vector_logic_2_31.v" into library xil_defaultlib
INFO: [VRFC 10-311] analyzing module counter_4_util_vector_logic_2_31
INFO: [VRFC 10-2263] Analyzing Verilog file "C:/Users/ASUS/Desktop/DSD_AZ/clone/DSD_Lab_AYA/Ex_2/room/room.ip_user_files/bd/counter_4/ip/counter_4_not_0_1/sim/counter_4_not_0_1.v" into library xil_defaultlib
INFO: [VRFC 10-311] analyzing module counter_4_not_0_1
INFO: [VRFC 10-2263] Analyzing Verilog file "C:/Users/ASUS/Desktop/DSD_AZ/clone/DSD_Lab_AYA/Ex_2/room/room.ip_user_files/bd/counter_4/ip/counter_4_util_vector_logic_0_35/sim/counter_4_util_vector_logic_0_35.v" into library xil_defaultlib
INFO: [VRFC 10-311] analyzing module counter_4_util_vector_logic_0_35
INFO: [VRFC 10-2263] Analyzing Verilog file "C:/Users/ASUS/Desktop/DSD_AZ/clone/DSD_Lab_AYA/Ex_2/room/room.ip_user_files/bd/counter_4/ip/counter_4_util_vector_logic_2_32/sim/counter_4_util_vector_logic_2_32.v" into library xil_defaultlib
INFO: [VRFC 10-311] analyzing module counter_4_util_vector_logic_2_32
INFO: [VRFC 10-2263] Analyzing Verilog file "C:/Users/ASUS/Desktop/DSD_AZ/clone/DSD_Lab_AYA/Ex_2/room/room.ip_user_files/bd/counter_4/ip/counter_4_util_vector_logic_0_36/sim/counter_4_util_vector_logic_0_36.v" into library xil_defaultlib
INFO: [VRFC 10-311] analyzing module counter_4_util_vector_logic_0_36
INFO: [VRFC 10-2263] Analyzing Verilog file "C:/Users/ASUS/Desktop/DSD_AZ/clone/DSD_Lab_AYA/Ex_2/room/room.ip_user_files/bd/counter_4/ip/counter_4_util_vector_logic_2_33/sim/counter_4_util_vector_logic_2_33.v" into library xil_defaultlib
INFO: [VRFC 10-311] analyzing module counter_4_util_vector_logic_2_33
INFO: [VRFC 10-2263] Analyzing Verilog file "C:/Users/ASUS/Desktop/DSD_AZ/clone/DSD_Lab_AYA/Ex_2/room/room.ip_user_files/bd/counter_4/ip/counter_4_util_vector_logic_0_37/sim/counter_4_util_vector_logic_0_37.v" into library xil_defaultlib
INFO: [VRFC 10-311] analyzing module counter_4_util_vector_logic_0_37
INFO: [VRFC 10-2263] Analyzing Verilog file "C:/Users/ASUS/Desktop/DSD_AZ/clone/DSD_Lab_AYA/Ex_2/room/room.ip_user_files/bd/counter_4/ip/counter_4_util_vector_logic_2_34/sim/counter_4_util_vector_logic_2_34.v" into library xil_defaultlib
INFO: [VRFC 10-311] analyzing module counter_4_util_vector_logic_2_34
INFO: [VRFC 10-2263] Analyzing Verilog file "C:/Users/ASUS/Desktop/DSD_AZ/clone/DSD_Lab_AYA/Ex_2/room/room.ip_user_files/bd/counter_4/ip/counter_4_util_vector_logic_0_38/sim/counter_4_util_vector_logic_0_38.v" into library xil_defaultlib
INFO: [VRFC 10-311] analyzing module counter_4_util_vector_logic_0_38
INFO: [VRFC 10-2263] Analyzing Verilog file "C:/Users/ASUS/Desktop/DSD_AZ/clone/DSD_Lab_AYA/Ex_2/room/room.ip_user_files/bd/counter_4/ip/counter_4_util_vector_logic_2_35/sim/counter_4_util_vector_logic_2_35.v" into library xil_defaultlib
INFO: [VRFC 10-311] analyzing module counter_4_util_vector_logic_2_35
INFO: [VRFC 10-2263] Analyzing Verilog file "C:/Users/ASUS/Desktop/DSD_AZ/clone/DSD_Lab_AYA/Ex_2/room/room.ip_user_files/bd/counter_4/ip/counter_4_util_vector_logic_0_39/sim/counter_4_util_vector_logic_0_39.v" into library xil_defaultlib
INFO: [VRFC 10-311] analyzing module counter_4_util_vector_logic_0_39
INFO: [VRFC 10-2263] Analyzing Verilog file "C:/Users/ASUS/Desktop/DSD_AZ/clone/DSD_Lab_AYA/Ex_2/room/room.ip_user_files/bd/counter_4/ip/counter_4_util_vector_logic_2_36/sim/counter_4_util_vector_logic_2_36.v" into library xil_defaultlib
INFO: [VRFC 10-311] analyzing module counter_4_util_vector_logic_2_36
INFO: [VRFC 10-2263] Analyzing Verilog file "C:/Users/ASUS/Desktop/DSD_AZ/clone/DSD_Lab_AYA/Ex_2/room/room.ip_user_files/bd/counter_4/ip/counter_4_util_vector_logic_0_40/sim/counter_4_util_vector_logic_0_40.v" into library xil_defaultlib
INFO: [VRFC 10-311] analyzing module counter_4_util_vector_logic_0_40
INFO: [VRFC 10-2263] Analyzing Verilog file "C:/Users/ASUS/Desktop/DSD_AZ/clone/DSD_Lab_AYA/Ex_2/room/room.ip_user_files/bd/counter_4/ip/counter_4_util_vector_logic_2_37/sim/counter_4_util_vector_logic_2_37.v" into library xil_defaultlib
INFO: [VRFC 10-311] analyzing module counter_4_util_vector_logic_2_37
INFO: [VRFC 10-2263] Analyzing Verilog file "C:/Users/ASUS/Desktop/DSD_AZ/clone/DSD_Lab_AYA/Ex_2/room/room.ip_user_files/bd/counter_4/ip/counter_4_not_1_1/sim/counter_4_not_1_1.v" into library xil_defaultlib
INFO: [VRFC 10-311] analyzing module counter_4_not_1_1
INFO: [VRFC 10-2263] Analyzing Verilog file "C:/Users/ASUS/Desktop/DSD_AZ/clone/DSD_Lab_AYA/Ex_2/room/room.ip_user_files/bd/counter_4/ip/counter_4_util_vector_logic_0_41/sim/counter_4_util_vector_logic_0_41.v" into library xil_defaultlib
INFO: [VRFC 10-311] analyzing module counter_4_util_vector_logic_0_41
INFO: [VRFC 10-2263] Analyzing Verilog file "C:/Users/ASUS/Desktop/DSD_AZ/clone/DSD_Lab_AYA/Ex_2/room/room.ip_user_files/bd/counter_4/ip/counter_4_util_vector_logic_0_42/sim/counter_4_util_vector_logic_0_42.v" into library xil_defaultlib
INFO: [VRFC 10-311] analyzing module counter_4_util_vector_logic_0_42
INFO: [VRFC 10-2263] Analyzing Verilog file "C:/Users/ASUS/Desktop/DSD_AZ/clone/DSD_Lab_AYA/Ex_2/room/room.ip_user_files/bd/counter_4/ip/counter_4_util_vector_logic_0_43/sim/counter_4_util_vector_logic_0_43.v" into library xil_defaultlib
INFO: [VRFC 10-311] analyzing module counter_4_util_vector_logic_0_43
INFO: [VRFC 10-2263] Analyzing Verilog file "C:/Users/ASUS/Desktop/DSD_AZ/clone/DSD_Lab_AYA/Ex_2/room/room.ip_user_files/bd/counter_4/ip/counter_4_and_0_0/sim/counter_4_and_0_0.v" into library xil_defaultlib
INFO: [VRFC 10-311] analyzing module counter_4_and_0_0
INFO: [VRFC 10-2263] Analyzing Verilog file "C:/Users/ASUS/Desktop/DSD_AZ/clone/DSD_Lab_AYA/Ex_2/room/room.ip_user_files/bd/counter_4/ip/counter_4_util_vector_logic_0_44/sim/counter_4_util_vector_logic_0_44.v" into library xil_defaultlib
INFO: [VRFC 10-311] analyzing module counter_4_util_vector_logic_0_44
INFO: [VRFC 10-2263] Analyzing Verilog file "C:/Users/ASUS/Desktop/DSD_AZ/clone/DSD_Lab_AYA/Ex_2/room/room.ip_user_files/bd/counter_4/ip/counter_4_util_vector_logic_2_38/sim/counter_4_util_vector_logic_2_38.v" into library xil_defaultlib
INFO: [VRFC 10-311] analyzing module counter_4_util_vector_logic_2_38
INFO: [VRFC 10-2263] Analyzing Verilog file "C:/Users/ASUS/Desktop/DSD_AZ/clone/DSD_Lab_AYA/Ex_2/room/room.ip_user_files/bd/counter_4/ip/counter_4_util_vector_logic_0_45/sim/counter_4_util_vector_logic_0_45.v" into library xil_defaultlib
INFO: [VRFC 10-311] analyzing module counter_4_util_vector_logic_0_45
INFO: [VRFC 10-2263] Analyzing Verilog file "C:/Users/ASUS/Desktop/DSD_AZ/clone/DSD_Lab_AYA/Ex_2/room/room.ip_user_files/bd/counter_4/ip/counter_4_util_vector_logic_2_39/sim/counter_4_util_vector_logic_2_39.v" into library xil_defaultlib
INFO: [VRFC 10-311] analyzing module counter_4_util_vector_logic_2_39
INFO: [VRFC 10-2263] Analyzing Verilog file "C:/Users/ASUS/Desktop/DSD_AZ/clone/DSD_Lab_AYA/Ex_2/room/room.ip_user_files/bd/counter_4/ip/counter_4_not_0_2/sim/counter_4_not_0_2.v" into library xil_defaultlib
INFO: [VRFC 10-311] analyzing module counter_4_not_0_2
INFO: [VRFC 10-2263] Analyzing Verilog file "C:/Users/ASUS/Desktop/DSD_AZ/clone/DSD_Lab_AYA/Ex_2/room/room.ip_user_files/bd/counter_4/ip/counter_4_util_vector_logic_0_46/sim/counter_4_util_vector_logic_0_46.v" into library xil_defaultlib
INFO: [VRFC 10-311] analyzing module counter_4_util_vector_logic_0_46
INFO: [VRFC 10-2263] Analyzing Verilog file "C:/Users/ASUS/Desktop/DSD_AZ/clone/DSD_Lab_AYA/Ex_2/room/room.ip_user_files/bd/counter_4/ip/counter_4_util_vector_logic_2_40/sim/counter_4_util_vector_logic_2_40.v" into library xil_defaultlib
INFO: [VRFC 10-311] analyzing module counter_4_util_vector_logic_2_40
INFO: [VRFC 10-2263] Analyzing Verilog file "C:/Users/ASUS/Desktop/DSD_AZ/clone/DSD_Lab_AYA/Ex_2/room/room.ip_user_files/bd/counter_4/ip/counter_4_util_vector_logic_0_47/sim/counter_4_util_vector_logic_0_47.v" into library xil_defaultlib
INFO: [VRFC 10-311] analyzing module counter_4_util_vector_logic_0_47
INFO: [VRFC 10-2263] Analyzing Verilog file "C:/Users/ASUS/Desktop/DSD_AZ/clone/DSD_Lab_AYA/Ex_2/room/room.ip_user_files/bd/counter_4/ip/counter_4_util_vector_logic_2_41/sim/counter_4_util_vector_logic_2_41.v" into library xil_defaultlib
INFO: [VRFC 10-311] analyzing module counter_4_util_vector_logic_2_41
INFO: [VRFC 10-2263] Analyzing Verilog file "C:/Users/ASUS/Desktop/DSD_AZ/clone/DSD_Lab_AYA/Ex_2/room/room.ip_user_files/bd/counter_4/ip/counter_4_util_vector_logic_0_48/sim/counter_4_util_vector_logic_0_48.v" into library xil_defaultlib
INFO: [VRFC 10-311] analyzing module counter_4_util_vector_logic_0_48
INFO: [VRFC 10-2263] Analyzing Verilog file "C:/Users/ASUS/Desktop/DSD_AZ/clone/DSD_Lab_AYA/Ex_2/room/room.ip_user_files/bd/counter_4/ip/counter_4_util_vector_logic_2_42/sim/counter_4_util_vector_logic_2_42.v" into library xil_defaultlib
INFO: [VRFC 10-311] analyzing module counter_4_util_vector_logic_2_42
INFO: [VRFC 10-2263] Analyzing Verilog file "C:/Users/ASUS/Desktop/DSD_AZ/clone/DSD_Lab_AYA/Ex_2/room/room.ip_user_files/bd/counter_4/ip/counter_4_util_vector_logic_0_49/sim/counter_4_util_vector_logic_0_49.v" into library xil_defaultlib
INFO: [VRFC 10-311] analyzing module counter_4_util_vector_logic_0_49
INFO: [VRFC 10-2263] Analyzing Verilog file "C:/Users/ASUS/Desktop/DSD_AZ/clone/DSD_Lab_AYA/Ex_2/room/room.ip_user_files/bd/counter_4/ip/counter_4_util_vector_logic_2_43/sim/counter_4_util_vector_logic_2_43.v" into library xil_defaultlib
INFO: [VRFC 10-311] analyzing module counter_4_util_vector_logic_2_43
INFO: [VRFC 10-2263] Analyzing Verilog file "C:/Users/ASUS/Desktop/DSD_AZ/clone/DSD_Lab_AYA/Ex_2/room/room.ip_user_files/bd/counter_4/ip/counter_4_util_vector_logic_0_50/sim/counter_4_util_vector_logic_0_50.v" into library xil_defaultlib
INFO: [VRFC 10-311] analyzing module counter_4_util_vector_logic_0_50
INFO: [VRFC 10-2263] Analyzing Verilog file "C:/Users/ASUS/Desktop/DSD_AZ/clone/DSD_Lab_AYA/Ex_2/room/room.ip_user_files/bd/counter_4/ip/counter_4_util_vector_logic_2_44/sim/counter_4_util_vector_logic_2_44.v" into library xil_defaultlib
INFO: [VRFC 10-311] analyzing module counter_4_util_vector_logic_2_44
INFO: [VRFC 10-2263] Analyzing Verilog file "C:/Users/ASUS/Desktop/DSD_AZ/clone/DSD_Lab_AYA/Ex_2/room/room.ip_user_files/bd/counter_4/ip/counter_4_util_vector_logic_0_51/sim/counter_4_util_vector_logic_0_51.v" into library xil_defaultlib
INFO: [VRFC 10-311] analyzing module counter_4_util_vector_logic_0_51
INFO: [VRFC 10-2263] Analyzing Verilog file "C:/Users/ASUS/Desktop/DSD_AZ/clone/DSD_Lab_AYA/Ex_2/room/room.ip_user_files/bd/counter_4/ip/counter_4_util_vector_logic_2_45/sim/counter_4_util_vector_logic_2_45.v" into library xil_defaultlib
INFO: [VRFC 10-311] analyzing module counter_4_util_vector_logic_2_45
INFO: [VRFC 10-2263] Analyzing Verilog file "C:/Users/ASUS/Desktop/DSD_AZ/clone/DSD_Lab_AYA/Ex_2/room/room.ip_user_files/bd/counter_4/ip/counter_4_not_1_2/sim/counter_4_not_1_2.v" into library xil_defaultlib
INFO: [VRFC 10-311] analyzing module counter_4_not_1_2
INFO: [VRFC 10-2263] Analyzing Verilog file "C:/Users/ASUS/Desktop/DSD_AZ/clone/DSD_Lab_AYA/Ex_2/room/room.ip_user_files/bd/counter_4/ip/counter_4_and_0_1/sim/counter_4_and_0_1.v" into library xil_defaultlib
INFO: [VRFC 10-311] analyzing module counter_4_and_0_1
INFO: [VRFC 10-2263] Analyzing Verilog file "C:/Users/ASUS/Desktop/DSD_AZ/clone/DSD_Lab_AYA/Ex_2/room/room.ip_user_files/bd/counter_4/ip/counter_4_or_0_0/sim/counter_4_or_0_0.v" into library xil_defaultlib
INFO: [VRFC 10-311] analyzing module counter_4_or_0_0
INFO: [VRFC 10-2263] Analyzing Verilog file "C:/Users/ASUS/Desktop/DSD_AZ/clone/DSD_Lab_AYA/Ex_2/room/room.ip_user_files/bd/counter_4/ip/counter_4_util_vector_logic_0_52/sim/counter_4_util_vector_logic_0_52.v" into library xil_defaultlib
INFO: [VRFC 10-311] analyzing module counter_4_util_vector_logic_0_52
INFO: [VRFC 10-2263] Analyzing Verilog file "C:/Users/ASUS/Desktop/DSD_AZ/clone/DSD_Lab_AYA/Ex_2/room/room.ip_user_files/bd/counter_4/ip/counter_4_and_1_0/sim/counter_4_and_1_0.v" into library xil_defaultlib
INFO: [VRFC 10-311] analyzing module counter_4_and_1_0
INFO: [VRFC 10-2263] Analyzing Verilog file "C:/Users/ASUS/Desktop/DSD_AZ/clone/DSD_Lab_AYA/Ex_2/room/room.ip_user_files/bd/counter_4/ip/counter_4_util_vector_logic_0_53/sim/counter_4_util_vector_logic_0_53.v" into library xil_defaultlib
INFO: [VRFC 10-311] analyzing module counter_4_util_vector_logic_0_53
INFO: [VRFC 10-2263] Analyzing Verilog file "C:/Users/ASUS/Desktop/DSD_AZ/clone/DSD_Lab_AYA/Ex_2/room/room.ip_user_files/bd/counter_4/ip/counter_4_util_vector_logic_2_46/sim/counter_4_util_vector_logic_2_46.v" into library xil_defaultlib
INFO: [VRFC 10-311] analyzing module counter_4_util_vector_logic_2_46
INFO: [VRFC 10-2263] Analyzing Verilog file "C:/Users/ASUS/Desktop/DSD_AZ/clone/DSD_Lab_AYA/Ex_2/room/room.ip_user_files/bd/counter_4/ip/counter_4_util_vector_logic_0_54/sim/counter_4_util_vector_logic_0_54.v" into library xil_defaultlib
INFO: [VRFC 10-311] analyzing module counter_4_util_vector_logic_0_54
INFO: [VRFC 10-2263] Analyzing Verilog file "C:/Users/ASUS/Desktop/DSD_AZ/clone/DSD_Lab_AYA/Ex_2/room/room.ip_user_files/bd/counter_4/ip/counter_4_util_vector_logic_2_47/sim/counter_4_util_vector_logic_2_47.v" into library xil_defaultlib
INFO: [VRFC 10-311] analyzing module counter_4_util_vector_logic_2_47
INFO: [VRFC 10-2263] Analyzing Verilog file "C:/Users/ASUS/Desktop/DSD_AZ/clone/DSD_Lab_AYA/Ex_2/room/room.ip_user_files/bd/counter_4/ip/counter_4_not_0_3/sim/counter_4_not_0_3.v" into library xil_defaultlib
INFO: [VRFC 10-311] analyzing module counter_4_not_0_3
INFO: [VRFC 10-2263] Analyzing Verilog file "C:/Users/ASUS/Desktop/DSD_AZ/clone/DSD_Lab_AYA/Ex_2/room/room.ip_user_files/bd/counter_4/ip/counter_4_util_vector_logic_0_55/sim/counter_4_util_vector_logic_0_55.v" into library xil_defaultlib
INFO: [VRFC 10-311] analyzing module counter_4_util_vector_logic_0_55
INFO: [VRFC 10-2263] Analyzing Verilog file "C:/Users/ASUS/Desktop/DSD_AZ/clone/DSD_Lab_AYA/Ex_2/room/room.ip_user_files/bd/counter_4/ip/counter_4_util_vector_logic_2_48/sim/counter_4_util_vector_logic_2_48.v" into library xil_defaultlib
INFO: [VRFC 10-311] analyzing module counter_4_util_vector_logic_2_48
INFO: [VRFC 10-2263] Analyzing Verilog file "C:/Users/ASUS/Desktop/DSD_AZ/clone/DSD_Lab_AYA/Ex_2/room/room.ip_user_files/bd/counter_4/ip/counter_4_util_vector_logic_0_56/sim/counter_4_util_vector_logic_0_56.v" into library xil_defaultlib
INFO: [VRFC 10-311] analyzing module counter_4_util_vector_logic_0_56
INFO: [VRFC 10-2263] Analyzing Verilog file "C:/Users/ASUS/Desktop/DSD_AZ/clone/DSD_Lab_AYA/Ex_2/room/room.ip_user_files/bd/counter_4/ip/counter_4_util_vector_logic_2_49/sim/counter_4_util_vector_logic_2_49.v" into library xil_defaultlib
INFO: [VRFC 10-311] analyzing module counter_4_util_vector_logic_2_49
INFO: [VRFC 10-2263] Analyzing Verilog file "C:/Users/ASUS/Desktop/DSD_AZ/clone/DSD_Lab_AYA/Ex_2/room/room.ip_user_files/bd/counter_4/ip/counter_4_util_vector_logic_0_57/sim/counter_4_util_vector_logic_0_57.v" into library xil_defaultlib
INFO: [VRFC 10-311] analyzing module counter_4_util_vector_logic_0_57
INFO: [VRFC 10-2263] Analyzing Verilog file "C:/Users/ASUS/Desktop/DSD_AZ/clone/DSD_Lab_AYA/Ex_2/room/room.ip_user_files/bd/counter_4/ip/counter_4_util_vector_logic_2_50/sim/counter_4_util_vector_logic_2_50.v" into library xil_defaultlib
INFO: [VRFC 10-311] analyzing module counter_4_util_vector_logic_2_50
INFO: [VRFC 10-2263] Analyzing Verilog file "C:/Users/ASUS/Desktop/DSD_AZ/clone/DSD_Lab_AYA/Ex_2/room/room.ip_user_files/bd/counter_4/ip/counter_4_util_vector_logic_0_58/sim/counter_4_util_vector_logic_0_58.v" into library xil_defaultlib
INFO: [VRFC 10-311] analyzing module counter_4_util_vector_logic_0_58
INFO: [VRFC 10-2263] Analyzing Verilog file "C:/Users/ASUS/Desktop/DSD_AZ/clone/DSD_Lab_AYA/Ex_2/room/room.ip_user_files/bd/counter_4/ip/counter_4_util_vector_logic_2_51/sim/counter_4_util_vector_logic_2_51.v" into library xil_defaultlib
INFO: [VRFC 10-311] analyzing module counter_4_util_vector_logic_2_51
INFO: [VRFC 10-2263] Analyzing Verilog file "C:/Users/ASUS/Desktop/DSD_AZ/clone/DSD_Lab_AYA/Ex_2/room/room.ip_user_files/bd/counter_4/ip/counter_4_util_vector_logic_0_59/sim/counter_4_util_vector_logic_0_59.v" into library xil_defaultlib
INFO: [VRFC 10-311] analyzing module counter_4_util_vector_logic_0_59
INFO: [VRFC 10-2263] Analyzing Verilog file "C:/Users/ASUS/Desktop/DSD_AZ/clone/DSD_Lab_AYA/Ex_2/room/room.ip_user_files/bd/counter_4/ip/counter_4_util_vector_logic_2_52/sim/counter_4_util_vector_logic_2_52.v" into library xil_defaultlib
INFO: [VRFC 10-311] analyzing module counter_4_util_vector_logic_2_52
INFO: [VRFC 10-2263] Analyzing Verilog file "C:/Users/ASUS/Desktop/DSD_AZ/clone/DSD_Lab_AYA/Ex_2/room/room.ip_user_files/bd/counter_4/ip/counter_4_util_vector_logic_0_60/sim/counter_4_util_vector_logic_0_60.v" into library xil_defaultlib
INFO: [VRFC 10-311] analyzing module counter_4_util_vector_logic_0_60
INFO: [VRFC 10-2263] Analyzing Verilog file "C:/Users/ASUS/Desktop/DSD_AZ/clone/DSD_Lab_AYA/Ex_2/room/room.ip_user_files/bd/counter_4/ip/counter_4_util_vector_logic_2_53/sim/counter_4_util_vector_logic_2_53.v" into library xil_defaultlib
INFO: [VRFC 10-311] analyzing module counter_4_util_vector_logic_2_53
INFO: [VRFC 10-2263] Analyzing Verilog file "C:/Users/ASUS/Desktop/DSD_AZ/clone/DSD_Lab_AYA/Ex_2/room/room.ip_user_files/bd/counter_4/ip/counter_4_not_1_3/sim/counter_4_not_1_3.v" into library xil_defaultlib
INFO: [VRFC 10-311] analyzing module counter_4_not_1_3
INFO: [VRFC 10-2263] Analyzing Verilog file "C:/Users/ASUS/Desktop/DSD_AZ/clone/DSD_Lab_AYA/Ex_2/room/room.ip_user_files/bd/counter_4/ip/counter_4_and_0_2/sim/counter_4_and_0_2.v" into library xil_defaultlib
INFO: [VRFC 10-311] analyzing module counter_4_and_0_2
INFO: [VRFC 10-2263] Analyzing Verilog file "C:/Users/ASUS/Desktop/DSD_AZ/clone/DSD_Lab_AYA/Ex_2/room/room.ip_user_files/bd/counter_4/ip/counter_4_or_0_1/sim/counter_4_or_0_1.v" into library xil_defaultlib
INFO: [VRFC 10-311] analyzing module counter_4_or_0_1
INFO: [VRFC 10-2263] Analyzing Verilog file "C:/Users/ASUS/Desktop/DSD_AZ/clone/DSD_Lab_AYA/Ex_2/room/room.ip_user_files/bd/counter_4/ip/counter_4_util_vector_logic_0_61/sim/counter_4_util_vector_logic_0_61.v" into library xil_defaultlib
INFO: [VRFC 10-311] analyzing module counter_4_util_vector_logic_0_61
INFO: [VRFC 10-2263] Analyzing Verilog file "C:/Users/ASUS/Desktop/DSD_AZ/clone/DSD_Lab_AYA/Ex_2/room/room.ip_user_files/bd/counter_4/ip/counter_4_and_1_1/sim/counter_4_and_1_1.v" into library xil_defaultlib
INFO: [VRFC 10-311] analyzing module counter_4_and_1_1
INFO: [VRFC 10-2263] Analyzing Verilog file "C:/Users/ASUS/Desktop/DSD_AZ/clone/DSD_Lab_AYA/Ex_2/room/room.ip_user_files/bd/counter_4/ip/counter_4_util_vector_logic_0_62/sim/counter_4_util_vector_logic_0_62.v" into library xil_defaultlib
INFO: [VRFC 10-311] analyzing module counter_4_util_vector_logic_0_62
INFO: [VRFC 10-2263] Analyzing Verilog file "C:/Users/ASUS/Desktop/DSD_AZ/clone/DSD_Lab_AYA/Ex_2/room/room.ip_user_files/bd/counter_4/ip/counter_4_util_vector_logic_2_54/sim/counter_4_util_vector_logic_2_54.v" into library xil_defaultlib
INFO: [VRFC 10-311] analyzing module counter_4_util_vector_logic_2_54
INFO: [VRFC 10-2263] Analyzing Verilog file "C:/Users/ASUS/Desktop/DSD_AZ/clone/DSD_Lab_AYA/Ex_2/room/room.ip_user_files/bd/counter_4/ip/counter_4_util_vector_logic_0_63/sim/counter_4_util_vector_logic_0_63.v" into library xil_defaultlib
INFO: [VRFC 10-311] analyzing module counter_4_util_vector_logic_0_63
INFO: [VRFC 10-2263] Analyzing Verilog file "C:/Users/ASUS/Desktop/DSD_AZ/clone/DSD_Lab_AYA/Ex_2/room/room.ip_user_files/bd/counter_4/ip/counter_4_util_vector_logic_2_55/sim/counter_4_util_vector_logic_2_55.v" into library xil_defaultlib
INFO: [VRFC 10-311] analyzing module counter_4_util_vector_logic_2_55
INFO: [VRFC 10-2263] Analyzing Verilog file "C:/Users/ASUS/Desktop/DSD_AZ/clone/DSD_Lab_AYA/Ex_2/room/room.ip_user_files/bd/counter_4/ip/counter_4_not_0_4/sim/counter_4_not_0_4.v" into library xil_defaultlib
INFO: [VRFC 10-311] analyzing module counter_4_not_0_4
INFO: [VRFC 10-2263] Analyzing Verilog file "C:/Users/ASUS/Desktop/DSD_AZ/clone/DSD_Lab_AYA/Ex_2/room/room.ip_user_files/bd/counter_4/ip/counter_4_util_vector_logic_0_64/sim/counter_4_util_vector_logic_0_64.v" into library xil_defaultlib
INFO: [VRFC 10-311] analyzing module counter_4_util_vector_logic_0_64
INFO: [VRFC 10-2263] Analyzing Verilog file "C:/Users/ASUS/Desktop/DSD_AZ/clone/DSD_Lab_AYA/Ex_2/room/room.ip_user_files/bd/counter_4/ip/counter_4_util_vector_logic_2_56/sim/counter_4_util_vector_logic_2_56.v" into library xil_defaultlib
INFO: [VRFC 10-311] analyzing module counter_4_util_vector_logic_2_56
INFO: [VRFC 10-2263] Analyzing Verilog file "C:/Users/ASUS/Desktop/DSD_AZ/clone/DSD_Lab_AYA/Ex_2/room/room.ip_user_files/bd/counter_4/ip/counter_4_util_vector_logic_0_65/sim/counter_4_util_vector_logic_0_65.v" into library xil_defaultlib
INFO: [VRFC 10-311] analyzing module counter_4_util_vector_logic_0_65
INFO: [VRFC 10-2263] Analyzing Verilog file "C:/Users/ASUS/Desktop/DSD_AZ/clone/DSD_Lab_AYA/Ex_2/room/room.ip_user_files/bd/counter_4/ip/counter_4_util_vector_logic_2_57/sim/counter_4_util_vector_logic_2_57.v" into library xil_defaultlib
INFO: [VRFC 10-311] analyzing module counter_4_util_vector_logic_2_57
INFO: [VRFC 10-2263] Analyzing Verilog file "C:/Users/ASUS/Desktop/DSD_AZ/clone/DSD_Lab_AYA/Ex_2/room/room.ip_user_files/bd/counter_4/ip/counter_4_util_vector_logic_0_66/sim/counter_4_util_vector_logic_0_66.v" into library xil_defaultlib
INFO: [VRFC 10-311] analyzing module counter_4_util_vector_logic_0_66
INFO: [VRFC 10-2263] Analyzing Verilog file "C:/Users/ASUS/Desktop/DSD_AZ/clone/DSD_Lab_AYA/Ex_2/room/room.ip_user_files/bd/counter_4/ip/counter_4_util_vector_logic_2_58/sim/counter_4_util_vector_logic_2_58.v" into library xil_defaultlib
INFO: [VRFC 10-311] analyzing module counter_4_util_vector_logic_2_58
INFO: [VRFC 10-2263] Analyzing Verilog file "C:/Users/ASUS/Desktop/DSD_AZ/clone/DSD_Lab_AYA/Ex_2/room/room.ip_user_files/bd/counter_4/ip/counter_4_util_vector_logic_0_67/sim/counter_4_util_vector_logic_0_67.v" into library xil_defaultlib
INFO: [VRFC 10-311] analyzing module counter_4_util_vector_logic_0_67
INFO: [VRFC 10-2263] Analyzing Verilog file "C:/Users/ASUS/Desktop/DSD_AZ/clone/DSD_Lab_AYA/Ex_2/room/room.ip_user_files/bd/counter_4/ip/counter_4_util_vector_logic_2_59/sim/counter_4_util_vector_logic_2_59.v" into library xil_defaultlib
INFO: [VRFC 10-311] analyzing module counter_4_util_vector_logic_2_59
INFO: [VRFC 10-2263] Analyzing Verilog file "C:/Users/ASUS/Desktop/DSD_AZ/clone/DSD_Lab_AYA/Ex_2/room/room.ip_user_files/bd/counter_4/ip/counter_4_util_vector_logic_0_68/sim/counter_4_util_vector_logic_0_68.v" into library xil_defaultlib
INFO: [VRFC 10-311] analyzing module counter_4_util_vector_logic_0_68
INFO: [VRFC 10-2263] Analyzing Verilog file "C:/Users/ASUS/Desktop/DSD_AZ/clone/DSD_Lab_AYA/Ex_2/room/room.ip_user_files/bd/counter_4/ip/counter_4_util_vector_logic_2_60/sim/counter_4_util_vector_logic_2_60.v" into library xil_defaultlib
INFO: [VRFC 10-311] analyzing module counter_4_util_vector_logic_2_60
INFO: [VRFC 10-2263] Analyzing Verilog file "C:/Users/ASUS/Desktop/DSD_AZ/clone/DSD_Lab_AYA/Ex_2/room/room.ip_user_files/bd/counter_4/ip/counter_4_util_vector_logic_0_69/sim/counter_4_util_vector_logic_0_69.v" into library xil_defaultlib
INFO: [VRFC 10-311] analyzing module counter_4_util_vector_logic_0_69
INFO: [VRFC 10-2263] Analyzing Verilog file "C:/Users/ASUS/Desktop/DSD_AZ/clone/DSD_Lab_AYA/Ex_2/room/room.ip_user_files/bd/counter_4/ip/counter_4_util_vector_logic_2_61/sim/counter_4_util_vector_logic_2_61.v" into library xil_defaultlib
INFO: [VRFC 10-311] analyzing module counter_4_util_vector_logic_2_61
INFO: [VRFC 10-2263] Analyzing Verilog file "C:/Users/ASUS/Desktop/DSD_AZ/clone/DSD_Lab_AYA/Ex_2/room/room.ip_user_files/bd/counter_4/ip/counter_4_not_1_4/sim/counter_4_not_1_4.v" into library xil_defaultlib
INFO: [VRFC 10-311] analyzing module counter_4_not_1_4
INFO: [VRFC 10-2263] Analyzing Verilog file "C:/Users/ASUS/Desktop/DSD_AZ/clone/DSD_Lab_AYA/Ex_2/room/room.ip_user_files/bd/counter_4/ip/counter_4_and_0_3/sim/counter_4_and_0_3.v" into library xil_defaultlib
INFO: [VRFC 10-311] analyzing module counter_4_and_0_3
INFO: [VRFC 10-2263] Analyzing Verilog file "C:/Users/ASUS/Desktop/DSD_AZ/clone/DSD_Lab_AYA/Ex_2/room/room.ip_user_files/bd/counter_4/ip/counter_4_or_0_2/sim/counter_4_or_0_2.v" into library xil_defaultlib
INFO: [VRFC 10-311] analyzing module counter_4_or_0_2
INFO: [VRFC 10-2263] Analyzing Verilog file "C:/Users/ASUS/Desktop/DSD_AZ/clone/DSD_Lab_AYA/Ex_2/room/room.ip_user_files/bd/counter_4/ip/counter_4_util_vector_logic_0_70/sim/counter_4_util_vector_logic_0_70.v" into library xil_defaultlib
INFO: [VRFC 10-311] analyzing module counter_4_util_vector_logic_0_70
INFO: [VRFC 10-2263] Analyzing Verilog file "C:/Users/ASUS/Desktop/DSD_AZ/clone/DSD_Lab_AYA/Ex_2/room/room.ip_user_files/bd/counter_4/ip/counter_4_and_1_2/sim/counter_4_and_1_2.v" into library xil_defaultlib
INFO: [VRFC 10-311] analyzing module counter_4_and_1_2
INFO: [VRFC 10-2263] Analyzing Verilog file "C:/Users/ASUS/Desktop/DSD_AZ/clone/DSD_Lab_AYA/Ex_2/room/room.ip_user_files/bd/counter_4/ip/counter_4_util_vector_logic_0_71/sim/counter_4_util_vector_logic_0_71.v" into library xil_defaultlib
INFO: [VRFC 10-311] analyzing module counter_4_util_vector_logic_0_71
INFO: [VRFC 10-2263] Analyzing Verilog file "C:/Users/ASUS/Desktop/DSD_AZ/clone/DSD_Lab_AYA/Ex_2/room/room.ip_user_files/bd/counter_4/ip/counter_4_util_vector_logic_1_0/sim/counter_4_util_vector_logic_1_0.v" into library xil_defaultlib
INFO: [VRFC 10-311] analyzing module counter_4_util_vector_logic_1_0
INFO: [VRFC 10-2263] Analyzing Verilog file "C:/Users/ASUS/Desktop/DSD_AZ/clone/DSD_Lab_AYA/Ex_2/room/room.ip_user_files/bd/counter_4/ip/counter_4_util_vector_logic_0_72/sim/counter_4_util_vector_logic_0_72.v" into library xil_defaultlib
INFO: [VRFC 10-311] analyzing module counter_4_util_vector_logic_0_72
INFO: [VRFC 10-2263] Analyzing Verilog file "C:/Users/ASUS/Desktop/DSD_AZ/clone/DSD_Lab_AYA/Ex_2/room/room.ip_user_files/bd/counter_4/ip/counter_4_util_vector_logic_0_73/sim/counter_4_util_vector_logic_0_73.v" into library xil_defaultlib
INFO: [VRFC 10-311] analyzing module counter_4_util_vector_logic_0_73
INFO: [VRFC 10-2263] Analyzing Verilog file "C:/Users/ASUS/Desktop/DSD_AZ/clone/DSD_Lab_AYA/Ex_2/room/room.ip_user_files/bd/counter_4/ip/counter_4_not_0_5/sim/counter_4_not_0_5.v" into library xil_defaultlib
INFO: [VRFC 10-311] analyzing module counter_4_not_0_5
INFO: [VRFC 10-2263] Analyzing Verilog file "C:/Users/ASUS/Desktop/DSD_AZ/clone/DSD_Lab_AYA/Ex_2/room/room.ip_user_files/bd/counter_4/ip/counter_4_and_0_4/sim/counter_4_and_0_4.v" into library xil_defaultlib
INFO: [VRFC 10-311] analyzing module counter_4_and_0_4
INFO: [VRFC 10-2263] Analyzing Verilog file "C:/Users/ASUS/Desktop/DSD_AZ/clone/DSD_Lab_AYA/Ex_2/room/room.ip_user_files/bd/counter_4/ip/counter_4_and_0_5/sim/counter_4_and_0_5.v" into library xil_defaultlib
INFO: [VRFC 10-311] analyzing module counter_4_and_0_5
INFO: [VRFC 10-2263] Analyzing Verilog file "C:/Users/ASUS/Desktop/DSD_AZ/clone/DSD_Lab_AYA/Ex_2/room/room.ip_user_files/bd/counter_4/ip/counter_4_and_0_6/sim/counter_4_and_0_6.v" into library xil_defaultlib
INFO: [VRFC 10-311] analyzing module counter_4_and_0_6
INFO: [VRFC 10-2263] Analyzing Verilog file "C:/Users/ASUS/Desktop/DSD_AZ/clone/DSD_Lab_AYA/Ex_2/room/room.ip_user_files/bd/counter_4/ip/counter_4_or_0_3/sim/counter_4_or_0_3.v" into library xil_defaultlib
INFO: [VRFC 10-311] analyzing module counter_4_or_0_3
INFO: [VRFC 10-2263] Analyzing Verilog file "C:/Users/ASUS/Desktop/DSD_AZ/clone/DSD_Lab_AYA/Ex_2/room/room.ip_user_files/bd/counter_4/ip/counter_4_and_2_0/sim/counter_4_and_2_0.v" into library xil_defaultlib
INFO: [VRFC 10-311] analyzing module counter_4_and_2_0
INFO: [VRFC 10-2263] Analyzing Verilog file "C:/Users/ASUS/Desktop/DSD_AZ/clone/DSD_Lab_AYA/Ex_2/room/room.ip_user_files/bd/counter_4/ip/counter_4_and_2_1/sim/counter_4_and_2_1.v" into library xil_defaultlib
INFO: [VRFC 10-311] analyzing module counter_4_and_2_1
INFO: [VRFC 10-2263] Analyzing Verilog file "C:/Users/ASUS/Desktop/DSD_AZ/clone/DSD_Lab_AYA/Ex_2/room/room.ip_user_files/bd/counter_4/ip/counter_4_or_1_0/sim/counter_4_or_1_0.v" into library xil_defaultlib
INFO: [VRFC 10-311] analyzing module counter_4_or_1_0
INFO: [VRFC 10-2263] Analyzing Verilog file "C:/Users/ASUS/Desktop/DSD_AZ/clone/DSD_Lab_AYA/Ex_2/room/room.srcs/sources_1/new/testbench.v" into library xil_defaultlib
INFO: [VRFC 10-311] analyzing module testbench
