INFO: [VRFC 10-2263] Analyzing Verilog file "C:/Users/Yasharzb/Documents/GitHub/DSD_Lab_AYA/project_2.ip_user_files/bd/BCD_modulo_3/sim/BCD_modulo_3.v" into library xil_defaultlib
INFO: [VRFC 10-311] analyzing module BCD_modulo_3
INFO: [VRFC 10-311] analyzing module Mode_3_for_one_digit_0_imp_JM0TSP
INFO: [VRFC 10-311] analyzing module mode_3_for_one_digit_1_imp_1LSY5UI
INFO: [VRFC 10-311] analyzing module mode_3_for_one_digit_2_imp_UEXUJ8
INFO: [VRFC 10-311] analyzing module mode_3_for_one_digit_3_imp_1CUCV9T
INFO: [VRFC 10-311] analyzing module mode_3_of_sum_0_imp_1R4AJZP
INFO: [VRFC 10-311] analyzing module mode_3_of_sum_1_imp_HGGJE8
INFO: [VRFC 10-311] analyzing module mode_3_of_sum_2_imp_10DSXRY
INFO: [VRFC 10-2263] Analyzing Verilog file "C:/Users/Yasharzb/Documents/GitHub/DSD_Lab_AYA/project_2.ip_user_files/bd/BCD_modulo_3/ip/BCD_modulo_3_util_vector_logic_0_2/sim/BCD_modulo_3_util_vector_logic_0_2.v" into library xil_defaultlib
INFO: [VRFC 10-311] analyzing module BCD_modulo_3_util_vector_logic_0_2
INFO: [VRFC 10-2263] Analyzing Verilog file "C:/Users/Yasharzb/Documents/GitHub/DSD_Lab_AYA/project_2.ip_user_files/bd/BCD_modulo_3/ip/BCD_modulo_3_util_vector_logic_0_3/sim/BCD_modulo_3_util_vector_logic_0_3.v" into library xil_defaultlib
INFO: [VRFC 10-311] analyzing module BCD_modulo_3_util_vector_logic_0_3
INFO: [VRFC 10-2263] Analyzing Verilog file "C:/Users/Yasharzb/Documents/GitHub/DSD_Lab_AYA/project_2.ip_user_files/bd/BCD_modulo_3/ip/BCD_modulo_3_util_vector_logic_0_4/sim/BCD_modulo_3_util_vector_logic_0_4.v" into library xil_defaultlib
INFO: [VRFC 10-311] analyzing module BCD_modulo_3_util_vector_logic_0_4
INFO: [VRFC 10-2263] Analyzing Verilog file "C:/Users/Yasharzb/Documents/GitHub/DSD_Lab_AYA/project_2.ip_user_files/bd/BCD_modulo_3/ip/BCD_modulo_3_util_vector_logic_0_5/sim/BCD_modulo_3_util_vector_logic_0_5.v" into library xil_defaultlib
INFO: [VRFC 10-311] analyzing module BCD_modulo_3_util_vector_logic_0_5
INFO: [VRFC 10-2263] Analyzing Verilog file "C:/Users/Yasharzb/Documents/GitHub/DSD_Lab_AYA/project_2.ip_user_files/bd/BCD_modulo_3/ip/BCD_modulo_3_util_vector_logic_4_1/sim/BCD_modulo_3_util_vector_logic_4_1.v" into library xil_defaultlib
INFO: [VRFC 10-311] analyzing module BCD_modulo_3_util_vector_logic_4_1
INFO: [VRFC 10-2263] Analyzing Verilog file "C:/Users/Yasharzb/Documents/GitHub/DSD_Lab_AYA/project_2.ip_user_files/bd/BCD_modulo_3/ip/BCD_modulo_3_util_vector_logic_4_2/sim/BCD_modulo_3_util_vector_logic_4_2.v" into library xil_defaultlib
INFO: [VRFC 10-311] analyzing module BCD_modulo_3_util_vector_logic_4_2
INFO: [VRFC 10-2263] Analyzing Verilog file "C:/Users/Yasharzb/Documents/GitHub/DSD_Lab_AYA/project_2.ip_user_files/bd/BCD_modulo_3/ip/BCD_modulo_3_util_vector_logic_4_3/sim/BCD_modulo_3_util_vector_logic_4_3.v" into library xil_defaultlib
INFO: [VRFC 10-311] analyzing module BCD_modulo_3_util_vector_logic_4_3
INFO: [VRFC 10-2263] Analyzing Verilog file "C:/Users/Yasharzb/Documents/GitHub/DSD_Lab_AYA/project_2.ip_user_files/bd/BCD_modulo_3/ip/BCD_modulo_3_util_vector_logic_4_4/sim/BCD_modulo_3_util_vector_logic_4_4.v" into library xil_defaultlib
INFO: [VRFC 10-311] analyzing module BCD_modulo_3_util_vector_logic_4_4
INFO: [VRFC 10-2263] Analyzing Verilog file "C:/Users/Yasharzb/Documents/GitHub/DSD_Lab_AYA/project_2.ip_user_files/bd/BCD_modulo_3/ip/BCD_modulo_3_util_vector_logic_4_5/sim/BCD_modulo_3_util_vector_logic_4_5.v" into library xil_defaultlib
INFO: [VRFC 10-311] analyzing module BCD_modulo_3_util_vector_logic_4_5
INFO: [VRFC 10-2263] Analyzing Verilog file "C:/Users/Yasharzb/Documents/GitHub/DSD_Lab_AYA/project_2.ip_user_files/bd/BCD_modulo_3/ip/BCD_modulo_3_util_vector_logic_4_6/sim/BCD_modulo_3_util_vector_logic_4_6.v" into library xil_defaultlib
INFO: [VRFC 10-311] analyzing module BCD_modulo_3_util_vector_logic_4_6
INFO: [VRFC 10-2263] Analyzing Verilog file "C:/Users/Yasharzb/Documents/GitHub/DSD_Lab_AYA/project_2.ip_user_files/bd/BCD_modulo_3/ip/BCD_modulo_3_util_vector_logic_10_0/sim/BCD_modulo_3_util_vector_logic_10_0.v" into library xil_defaultlib
INFO: [VRFC 10-311] analyzing module BCD_modulo_3_util_vector_logic_10_0
INFO: [VRFC 10-2263] Analyzing Verilog file "C:/Users/Yasharzb/Documents/GitHub/DSD_Lab_AYA/project_2.ip_user_files/bd/BCD_modulo_3/ip/BCD_modulo_3_util_vector_logic_10_1/sim/BCD_modulo_3_util_vector_logic_10_1.v" into library xil_defaultlib
INFO: [VRFC 10-311] analyzing module BCD_modulo_3_util_vector_logic_10_1
INFO: [VRFC 10-2263] Analyzing Verilog file "C:/Users/Yasharzb/Documents/GitHub/DSD_Lab_AYA/project_2.ip_user_files/bd/BCD_modulo_3/ip/BCD_modulo_3_util_vector_logic_12_0/sim/BCD_modulo_3_util_vector_logic_12_0.v" into library xil_defaultlib
INFO: [VRFC 10-311] analyzing module BCD_modulo_3_util_vector_logic_12_0
INFO: [VRFC 10-2263] Analyzing Verilog file "C:/Users/Yasharzb/Documents/GitHub/DSD_Lab_AYA/project_2.ip_user_files/bd/BCD_modulo_3/ip/BCD_modulo_3_util_vector_logic_13_0/sim/BCD_modulo_3_util_vector_logic_13_0.v" into library xil_defaultlib
INFO: [VRFC 10-311] analyzing module BCD_modulo_3_util_vector_logic_13_0
INFO: [VRFC 10-2263] Analyzing Verilog file "C:/Users/Yasharzb/Documents/GitHub/DSD_Lab_AYA/project_2.ip_user_files/bd/BCD_modulo_3/ip/BCD_modulo_3_util_vector_logic_13_1/sim/BCD_modulo_3_util_vector_logic_13_1.v" into library xil_defaultlib
INFO: [VRFC 10-311] analyzing module BCD_modulo_3_util_vector_logic_13_1
INFO: [VRFC 10-2263] Analyzing Verilog file "C:/Users/Yasharzb/Documents/GitHub/DSD_Lab_AYA/project_2.ip_user_files/bd/BCD_modulo_3/ip/BCD_modulo_3_util_vector_logic_13_2/sim/BCD_modulo_3_util_vector_logic_13_2.v" into library xil_defaultlib
INFO: [VRFC 10-311] analyzing module BCD_modulo_3_util_vector_logic_13_2
INFO: [VRFC 10-2263] Analyzing Verilog file "C:/Users/Yasharzb/Documents/GitHub/DSD_Lab_AYA/project_2.ip_user_files/bd/BCD_modulo_3/ip/BCD_modulo_3_util_vector_logic_13_3/sim/BCD_modulo_3_util_vector_logic_13_3.v" into library xil_defaultlib
INFO: [VRFC 10-311] analyzing module BCD_modulo_3_util_vector_logic_13_3
INFO: [VRFC 10-2263] Analyzing Verilog file "C:/Users/Yasharzb/Documents/GitHub/DSD_Lab_AYA/project_2.ip_user_files/bd/BCD_modulo_3/ip/BCD_modulo_3_util_vector_logic_14_0/sim/BCD_modulo_3_util_vector_logic_14_0.v" into library xil_defaultlib
INFO: [VRFC 10-311] analyzing module BCD_modulo_3_util_vector_logic_14_0
INFO: [VRFC 10-2263] Analyzing Verilog file "C:/Users/Yasharzb/Documents/GitHub/DSD_Lab_AYA/project_2.ip_user_files/bd/BCD_modulo_3/ip/BCD_modulo_3_util_vector_logic_15_0/sim/BCD_modulo_3_util_vector_logic_15_0.v" into library xil_defaultlib
INFO: [VRFC 10-311] analyzing module BCD_modulo_3_util_vector_logic_15_0
INFO: [VRFC 10-2263] Analyzing Verilog file "C:/Users/Yasharzb/Documents/GitHub/DSD_Lab_AYA/project_2.ip_user_files/bd/BCD_modulo_3/ip/BCD_modulo_3_util_vector_logic_13_4/sim/BCD_modulo_3_util_vector_logic_13_4.v" into library xil_defaultlib
INFO: [VRFC 10-311] analyzing module BCD_modulo_3_util_vector_logic_13_4
INFO: [VRFC 10-2263] Analyzing Verilog file "C:/Users/Yasharzb/Documents/GitHub/DSD_Lab_AYA/project_2.ip_user_files/bd/BCD_modulo_3/ip/BCD_modulo_3_util_vector_logic_14_1/sim/BCD_modulo_3_util_vector_logic_14_1.v" into library xil_defaultlib
INFO: [VRFC 10-311] analyzing module BCD_modulo_3_util_vector_logic_14_1
INFO: [VRFC 10-2263] Analyzing Verilog file "C:/Users/Yasharzb/Documents/GitHub/DSD_Lab_AYA/project_2.ip_user_files/bd/BCD_modulo_3/ip/BCD_modulo_3_util_vector_logic_15_1/sim/BCD_modulo_3_util_vector_logic_15_1.v" into library xil_defaultlib
INFO: [VRFC 10-311] analyzing module BCD_modulo_3_util_vector_logic_15_1
INFO: [VRFC 10-2263] Analyzing Verilog file "C:/Users/Yasharzb/Documents/GitHub/DSD_Lab_AYA/project_2.ip_user_files/bd/BCD_modulo_3/ip/BCD_modulo_3_util_vector_logic_22_0/sim/BCD_modulo_3_util_vector_logic_22_0.v" into library xil_defaultlib
INFO: [VRFC 10-311] analyzing module BCD_modulo_3_util_vector_logic_22_0
INFO: [VRFC 10-2263] Analyzing Verilog file "C:/Users/Yasharzb/Documents/GitHub/DSD_Lab_AYA/project_2.ip_user_files/bd/BCD_modulo_3/ip/BCD_modulo_3_util_vector_logic_22_1/sim/BCD_modulo_3_util_vector_logic_22_1.v" into library xil_defaultlib
INFO: [VRFC 10-311] analyzing module BCD_modulo_3_util_vector_logic_22_1
INFO: [VRFC 10-2263] Analyzing Verilog file "C:/Users/Yasharzb/Documents/GitHub/DSD_Lab_AYA/project_2.ip_user_files/bd/BCD_modulo_3/ip/BCD_modulo_3_util_vector_logic_0_6/sim/BCD_modulo_3_util_vector_logic_0_6.v" into library xil_defaultlib
INFO: [VRFC 10-311] analyzing module BCD_modulo_3_util_vector_logic_0_6
INFO: [VRFC 10-2263] Analyzing Verilog file "C:/Users/Yasharzb/Documents/GitHub/DSD_Lab_AYA/project_2.ip_user_files/bd/BCD_modulo_3/ip/BCD_modulo_3_util_vector_logic_1_0/sim/BCD_modulo_3_util_vector_logic_1_0.v" into library xil_defaultlib
INFO: [VRFC 10-311] analyzing module BCD_modulo_3_util_vector_logic_1_0
INFO: [VRFC 10-2263] Analyzing Verilog file "C:/Users/Yasharzb/Documents/GitHub/DSD_Lab_AYA/project_2.ip_user_files/bd/BCD_modulo_3/ip/BCD_modulo_3_util_vector_logic_2_0/sim/BCD_modulo_3_util_vector_logic_2_0.v" into library xil_defaultlib
INFO: [VRFC 10-311] analyzing module BCD_modulo_3_util_vector_logic_2_0
INFO: [VRFC 10-2263] Analyzing Verilog file "C:/Users/Yasharzb/Documents/GitHub/DSD_Lab_AYA/project_2.ip_user_files/bd/BCD_modulo_3/ip/BCD_modulo_3_util_vector_logic_3_0/sim/BCD_modulo_3_util_vector_logic_3_0.v" into library xil_defaultlib
INFO: [VRFC 10-311] analyzing module BCD_modulo_3_util_vector_logic_3_0
INFO: [VRFC 10-2263] Analyzing Verilog file "C:/Users/Yasharzb/Documents/GitHub/DSD_Lab_AYA/project_2.ip_user_files/bd/BCD_modulo_3/ip/BCD_modulo_3_util_vector_logic_4_7/sim/BCD_modulo_3_util_vector_logic_4_7.v" into library xil_defaultlib
INFO: [VRFC 10-311] analyzing module BCD_modulo_3_util_vector_logic_4_7
INFO: [VRFC 10-2263] Analyzing Verilog file "C:/Users/Yasharzb/Documents/GitHub/DSD_Lab_AYA/project_2.ip_user_files/bd/BCD_modulo_3/ip/BCD_modulo_3_util_vector_logic_5_0/sim/BCD_modulo_3_util_vector_logic_5_0.v" into library xil_defaultlib
INFO: [VRFC 10-311] analyzing module BCD_modulo_3_util_vector_logic_5_0
INFO: [VRFC 10-2263] Analyzing Verilog file "C:/Users/Yasharzb/Documents/GitHub/DSD_Lab_AYA/project_2.ip_user_files/bd/BCD_modulo_3/ip/BCD_modulo_3_util_vector_logic_6_0/sim/BCD_modulo_3_util_vector_logic_6_0.v" into library xil_defaultlib
INFO: [VRFC 10-311] analyzing module BCD_modulo_3_util_vector_logic_6_0
INFO: [VRFC 10-2263] Analyzing Verilog file "C:/Users/Yasharzb/Documents/GitHub/DSD_Lab_AYA/project_2.ip_user_files/bd/BCD_modulo_3/ip/BCD_modulo_3_util_vector_logic_7_0/sim/BCD_modulo_3_util_vector_logic_7_0.v" into library xil_defaultlib
INFO: [VRFC 10-311] analyzing module BCD_modulo_3_util_vector_logic_7_0
INFO: [VRFC 10-2263] Analyzing Verilog file "C:/Users/Yasharzb/Documents/GitHub/DSD_Lab_AYA/project_2.ip_user_files/bd/BCD_modulo_3/ip/BCD_modulo_3_util_vector_logic_8_0/sim/BCD_modulo_3_util_vector_logic_8_0.v" into library xil_defaultlib
INFO: [VRFC 10-311] analyzing module BCD_modulo_3_util_vector_logic_8_0
INFO: [VRFC 10-2263] Analyzing Verilog file "C:/Users/Yasharzb/Documents/GitHub/DSD_Lab_AYA/project_2.ip_user_files/bd/BCD_modulo_3/ip/BCD_modulo_3_util_vector_logic_9_0/sim/BCD_modulo_3_util_vector_logic_9_0.v" into library xil_defaultlib
INFO: [VRFC 10-311] analyzing module BCD_modulo_3_util_vector_logic_9_0
INFO: [VRFC 10-2263] Analyzing Verilog file "C:/Users/Yasharzb/Documents/GitHub/DSD_Lab_AYA/project_2.ip_user_files/bd/BCD_modulo_3/ip/BCD_modulo_3_util_vector_logic_10_2/sim/BCD_modulo_3_util_vector_logic_10_2.v" into library xil_defaultlib
INFO: [VRFC 10-311] analyzing module BCD_modulo_3_util_vector_logic_10_2
INFO: [VRFC 10-2263] Analyzing Verilog file "C:/Users/Yasharzb/Documents/GitHub/DSD_Lab_AYA/project_2.ip_user_files/bd/BCD_modulo_3/ip/BCD_modulo_3_util_vector_logic_11_0/sim/BCD_modulo_3_util_vector_logic_11_0.v" into library xil_defaultlib
INFO: [VRFC 10-311] analyzing module BCD_modulo_3_util_vector_logic_11_0
INFO: [VRFC 10-2263] Analyzing Verilog file "C:/Users/Yasharzb/Documents/GitHub/DSD_Lab_AYA/project_2.ip_user_files/bd/BCD_modulo_3/ip/BCD_modulo_3_util_vector_logic_12_1/sim/BCD_modulo_3_util_vector_logic_12_1.v" into library xil_defaultlib
INFO: [VRFC 10-311] analyzing module BCD_modulo_3_util_vector_logic_12_1
INFO: [VRFC 10-2263] Analyzing Verilog file "C:/Users/Yasharzb/Documents/GitHub/DSD_Lab_AYA/project_2.ip_user_files/bd/BCD_modulo_3/ip/BCD_modulo_3_util_vector_logic_13_5/sim/BCD_modulo_3_util_vector_logic_13_5.v" into library xil_defaultlib
INFO: [VRFC 10-311] analyzing module BCD_modulo_3_util_vector_logic_13_5
INFO: [VRFC 10-2263] Analyzing Verilog file "C:/Users/Yasharzb/Documents/GitHub/DSD_Lab_AYA/project_2.ip_user_files/bd/BCD_modulo_3/ip/BCD_modulo_3_util_vector_logic_14_2/sim/BCD_modulo_3_util_vector_logic_14_2.v" into library xil_defaultlib
INFO: [VRFC 10-311] analyzing module BCD_modulo_3_util_vector_logic_14_2
INFO: [VRFC 10-2263] Analyzing Verilog file "C:/Users/Yasharzb/Documents/GitHub/DSD_Lab_AYA/project_2.ip_user_files/bd/BCD_modulo_3/ip/BCD_modulo_3_util_vector_logic_15_2/sim/BCD_modulo_3_util_vector_logic_15_2.v" into library xil_defaultlib
INFO: [VRFC 10-311] analyzing module BCD_modulo_3_util_vector_logic_15_2
INFO: [VRFC 10-2263] Analyzing Verilog file "C:/Users/Yasharzb/Documents/GitHub/DSD_Lab_AYA/project_2.ip_user_files/bd/BCD_modulo_3/ip/BCD_modulo_3_util_vector_logic_16_0/sim/BCD_modulo_3_util_vector_logic_16_0.v" into library xil_defaultlib
INFO: [VRFC 10-311] analyzing module BCD_modulo_3_util_vector_logic_16_0
INFO: [VRFC 10-2263] Analyzing Verilog file "C:/Users/Yasharzb/Documents/GitHub/DSD_Lab_AYA/project_2.ip_user_files/bd/BCD_modulo_3/ip/BCD_modulo_3_util_vector_logic_17_0/sim/BCD_modulo_3_util_vector_logic_17_0.v" into library xil_defaultlib
INFO: [VRFC 10-311] analyzing module BCD_modulo_3_util_vector_logic_17_0
INFO: [VRFC 10-2263] Analyzing Verilog file "C:/Users/Yasharzb/Documents/GitHub/DSD_Lab_AYA/project_2.ip_user_files/bd/BCD_modulo_3/ip/BCD_modulo_3_util_vector_logic_18_0/sim/BCD_modulo_3_util_vector_logic_18_0.v" into library xil_defaultlib
INFO: [VRFC 10-311] analyzing module BCD_modulo_3_util_vector_logic_18_0
INFO: [VRFC 10-2263] Analyzing Verilog file "C:/Users/Yasharzb/Documents/GitHub/DSD_Lab_AYA/project_2.ip_user_files/bd/BCD_modulo_3/ip/BCD_modulo_3_util_vector_logic_19_0/sim/BCD_modulo_3_util_vector_logic_19_0.v" into library xil_defaultlib
INFO: [VRFC 10-311] analyzing module BCD_modulo_3_util_vector_logic_19_0
INFO: [VRFC 10-2263] Analyzing Verilog file "C:/Users/Yasharzb/Documents/GitHub/DSD_Lab_AYA/project_2.ip_user_files/bd/BCD_modulo_3/ip/BCD_modulo_3_util_vector_logic_20_0/sim/BCD_modulo_3_util_vector_logic_20_0.v" into library xil_defaultlib
INFO: [VRFC 10-311] analyzing module BCD_modulo_3_util_vector_logic_20_0
INFO: [VRFC 10-2263] Analyzing Verilog file "C:/Users/Yasharzb/Documents/GitHub/DSD_Lab_AYA/project_2.ip_user_files/bd/BCD_modulo_3/ip/BCD_modulo_3_util_vector_logic_21_0/sim/BCD_modulo_3_util_vector_logic_21_0.v" into library xil_defaultlib
INFO: [VRFC 10-311] analyzing module BCD_modulo_3_util_vector_logic_21_0
INFO: [VRFC 10-2263] Analyzing Verilog file "C:/Users/Yasharzb/Documents/GitHub/DSD_Lab_AYA/project_2.ip_user_files/bd/BCD_modulo_3/ip/BCD_modulo_3_util_vector_logic_22_2/sim/BCD_modulo_3_util_vector_logic_22_2.v" into library xil_defaultlib
INFO: [VRFC 10-311] analyzing module BCD_modulo_3_util_vector_logic_22_2
INFO: [VRFC 10-2263] Analyzing Verilog file "C:/Users/Yasharzb/Documents/GitHub/DSD_Lab_AYA/project_2.ip_user_files/bd/BCD_modulo_3/ip/BCD_modulo_3_util_vector_logic_23_0/sim/BCD_modulo_3_util_vector_logic_23_0.v" into library xil_defaultlib
INFO: [VRFC 10-311] analyzing module BCD_modulo_3_util_vector_logic_23_0
INFO: [VRFC 10-2263] Analyzing Verilog file "C:/Users/Yasharzb/Documents/GitHub/DSD_Lab_AYA/project_2.ip_user_files/bd/BCD_modulo_3/ip/BCD_modulo_3_util_vector_logic_0_7/sim/BCD_modulo_3_util_vector_logic_0_7.v" into library xil_defaultlib
INFO: [VRFC 10-311] analyzing module BCD_modulo_3_util_vector_logic_0_7
INFO: [VRFC 10-2263] Analyzing Verilog file "C:/Users/Yasharzb/Documents/GitHub/DSD_Lab_AYA/project_2.ip_user_files/bd/BCD_modulo_3/ip/BCD_modulo_3_util_vector_logic_0_8/sim/BCD_modulo_3_util_vector_logic_0_8.v" into library xil_defaultlib
INFO: [VRFC 10-311] analyzing module BCD_modulo_3_util_vector_logic_0_8
INFO: [VRFC 10-2263] Analyzing Verilog file "C:/Users/Yasharzb/Documents/GitHub/DSD_Lab_AYA/project_2.ip_user_files/bd/BCD_modulo_3/ip/BCD_modulo_3_util_vector_logic_0_9/sim/BCD_modulo_3_util_vector_logic_0_9.v" into library xil_defaultlib
INFO: [VRFC 10-311] analyzing module BCD_modulo_3_util_vector_logic_0_9
INFO: [VRFC 10-2263] Analyzing Verilog file "C:/Users/Yasharzb/Documents/GitHub/DSD_Lab_AYA/project_2.ip_user_files/bd/BCD_modulo_3/ip/BCD_modulo_3_util_vector_logic_0_10/sim/BCD_modulo_3_util_vector_logic_0_10.v" into library xil_defaultlib
INFO: [VRFC 10-311] analyzing module BCD_modulo_3_util_vector_logic_0_10
INFO: [VRFC 10-2263] Analyzing Verilog file "C:/Users/Yasharzb/Documents/GitHub/DSD_Lab_AYA/project_2.ip_user_files/bd/BCD_modulo_3/ip/BCD_modulo_3_util_vector_logic_4_8/sim/BCD_modulo_3_util_vector_logic_4_8.v" into library xil_defaultlib
INFO: [VRFC 10-311] analyzing module BCD_modulo_3_util_vector_logic_4_8
INFO: [VRFC 10-2263] Analyzing Verilog file "C:/Users/Yasharzb/Documents/GitHub/DSD_Lab_AYA/project_2.ip_user_files/bd/BCD_modulo_3/ip/BCD_modulo_3_util_vector_logic_4_9/sim/BCD_modulo_3_util_vector_logic_4_9.v" into library xil_defaultlib
INFO: [VRFC 10-311] analyzing module BCD_modulo_3_util_vector_logic_4_9
INFO: [VRFC 10-2263] Analyzing Verilog file "C:/Users/Yasharzb/Documents/GitHub/DSD_Lab_AYA/project_2.ip_user_files/bd/BCD_modulo_3/ip/BCD_modulo_3_util_vector_logic_4_10/sim/BCD_modulo_3_util_vector_logic_4_10.v" into library xil_defaultlib
INFO: [VRFC 10-311] analyzing module BCD_modulo_3_util_vector_logic_4_10
INFO: [VRFC 10-2263] Analyzing Verilog file "C:/Users/Yasharzb/Documents/GitHub/DSD_Lab_AYA/project_2.ip_user_files/bd/BCD_modulo_3/ip/BCD_modulo_3_util_vector_logic_4_11/sim/BCD_modulo_3_util_vector_logic_4_11.v" into library xil_defaultlib
INFO: [VRFC 10-311] analyzing module BCD_modulo_3_util_vector_logic_4_11
INFO: [VRFC 10-2263] Analyzing Verilog file "C:/Users/Yasharzb/Documents/GitHub/DSD_Lab_AYA/project_2.ip_user_files/bd/BCD_modulo_3/ip/BCD_modulo_3_util_vector_logic_4_12/sim/BCD_modulo_3_util_vector_logic_4_12.v" into library xil_defaultlib
INFO: [VRFC 10-311] analyzing module BCD_modulo_3_util_vector_logic_4_12
INFO: [VRFC 10-2263] Analyzing Verilog file "C:/Users/Yasharzb/Documents/GitHub/DSD_Lab_AYA/project_2.ip_user_files/bd/BCD_modulo_3/ip/BCD_modulo_3_util_vector_logic_4_13/sim/BCD_modulo_3_util_vector_logic_4_13.v" into library xil_defaultlib
INFO: [VRFC 10-311] analyzing module BCD_modulo_3_util_vector_logic_4_13
INFO: [VRFC 10-2263] Analyzing Verilog file "C:/Users/Yasharzb/Documents/GitHub/DSD_Lab_AYA/project_2.ip_user_files/bd/BCD_modulo_3/ip/BCD_modulo_3_util_vector_logic_4_14/sim/BCD_modulo_3_util_vector_logic_4_14.v" into library xil_defaultlib
INFO: [VRFC 10-311] analyzing module BCD_modulo_3_util_vector_logic_4_14
INFO: [VRFC 10-2263] Analyzing Verilog file "C:/Users/Yasharzb/Documents/GitHub/DSD_Lab_AYA/project_2.ip_user_files/bd/BCD_modulo_3/ip/BCD_modulo_3_util_vector_logic_4_15/sim/BCD_modulo_3_util_vector_logic_4_15.v" into library xil_defaultlib
INFO: [VRFC 10-311] analyzing module BCD_modulo_3_util_vector_logic_4_15
INFO: [VRFC 10-2263] Analyzing Verilog file "C:/Users/Yasharzb/Documents/GitHub/DSD_Lab_AYA/project_2.ip_user_files/bd/BCD_modulo_3/ip/BCD_modulo_3_util_vector_logic_4_16/sim/BCD_modulo_3_util_vector_logic_4_16.v" into library xil_defaultlib
INFO: [VRFC 10-311] analyzing module BCD_modulo_3_util_vector_logic_4_16
INFO: [VRFC 10-2263] Analyzing Verilog file "C:/Users/Yasharzb/Documents/GitHub/DSD_Lab_AYA/project_2.ip_user_files/bd/BCD_modulo_3/ip/BCD_modulo_3_util_vector_logic_13_7/sim/BCD_modulo_3_util_vector_logic_13_7.v" into library xil_defaultlib
INFO: [VRFC 10-311] analyzing module BCD_modulo_3_util_vector_logic_13_7
INFO: [VRFC 10-2263] Analyzing Verilog file "C:/Users/Yasharzb/Documents/GitHub/DSD_Lab_AYA/project_2.ip_user_files/bd/BCD_modulo_3/ip/BCD_modulo_3_util_vector_logic_13_8/sim/BCD_modulo_3_util_vector_logic_13_8.v" into library xil_defaultlib
INFO: [VRFC 10-311] analyzing module BCD_modulo_3_util_vector_logic_13_8
INFO: [VRFC 10-2263] Analyzing Verilog file "C:/Users/Yasharzb/Documents/GitHub/DSD_Lab_AYA/project_2.ip_user_files/bd/BCD_modulo_3/ip/BCD_modulo_3_util_vector_logic_4_17/sim/BCD_modulo_3_util_vector_logic_4_17.v" into library xil_defaultlib
INFO: [VRFC 10-311] analyzing module BCD_modulo_3_util_vector_logic_4_17
INFO: [VRFC 10-2263] Analyzing Verilog file "C:/Users/Yasharzb/Documents/GitHub/DSD_Lab_AYA/project_2.ip_user_files/bd/BCD_modulo_3/ip/BCD_modulo_3_util_vector_logic_5_1/sim/BCD_modulo_3_util_vector_logic_5_1.v" into library xil_defaultlib
INFO: [VRFC 10-311] analyzing module BCD_modulo_3_util_vector_logic_5_1
INFO: [VRFC 10-2263] Analyzing Verilog file "C:/Users/Yasharzb/Documents/GitHub/DSD_Lab_AYA/project_2.ip_user_files/bd/BCD_modulo_3/ip/BCD_modulo_3_util_vector_logic_7_1/sim/BCD_modulo_3_util_vector_logic_7_1.v" into library xil_defaultlib
INFO: [VRFC 10-311] analyzing module BCD_modulo_3_util_vector_logic_7_1
INFO: [VRFC 10-2263] Analyzing Verilog file "C:/Users/Yasharzb/Documents/GitHub/DSD_Lab_AYA/project_2.ip_user_files/bd/BCD_modulo_3/ip/BCD_modulo_3_util_vector_logic_15_3/sim/BCD_modulo_3_util_vector_logic_15_3.v" into library xil_defaultlib
INFO: [VRFC 10-311] analyzing module BCD_modulo_3_util_vector_logic_15_3
INFO: [VRFC 10-2263] Analyzing Verilog file "C:/Users/Yasharzb/Documents/GitHub/DSD_Lab_AYA/project_2.ip_user_files/bd/BCD_modulo_3/ip/BCD_modulo_3_util_vector_logic_16_1/sim/BCD_modulo_3_util_vector_logic_16_1.v" into library xil_defaultlib
INFO: [VRFC 10-311] analyzing module BCD_modulo_3_util_vector_logic_16_1
INFO: [VRFC 10-2263] Analyzing Verilog file "C:/Users/Yasharzb/Documents/GitHub/DSD_Lab_AYA/project_2.ip_user_files/bd/BCD_modulo_3/ip/BCD_modulo_3_util_vector_logic_17_1/sim/BCD_modulo_3_util_vector_logic_17_1.v" into library xil_defaultlib
INFO: [VRFC 10-311] analyzing module BCD_modulo_3_util_vector_logic_17_1
INFO: [VRFC 10-2263] Analyzing Verilog file "C:/Users/Yasharzb/Documents/GitHub/DSD_Lab_AYA/project_2.ip_user_files/bd/BCD_modulo_3/ip/BCD_modulo_3_util_vector_logic_15_4/sim/BCD_modulo_3_util_vector_logic_15_4.v" into library xil_defaultlib
INFO: [VRFC 10-311] analyzing module BCD_modulo_3_util_vector_logic_15_4
INFO: [VRFC 10-2263] Analyzing Verilog file "C:/Users/Yasharzb/Documents/GitHub/DSD_Lab_AYA/project_2.ip_user_files/bd/BCD_modulo_3/ip/BCD_modulo_3_util_vector_logic_16_2/sim/BCD_modulo_3_util_vector_logic_16_2.v" into library xil_defaultlib
INFO: [VRFC 10-311] analyzing module BCD_modulo_3_util_vector_logic_16_2
INFO: [VRFC 10-2263] Analyzing Verilog file "C:/Users/Yasharzb/Documents/GitHub/DSD_Lab_AYA/project_2.ip_user_files/bd/BCD_modulo_3/ip/BCD_modulo_3_util_vector_logic_17_2/sim/BCD_modulo_3_util_vector_logic_17_2.v" into library xil_defaultlib
INFO: [VRFC 10-311] analyzing module BCD_modulo_3_util_vector_logic_17_2
INFO: [VRFC 10-2263] Analyzing Verilog file "C:/Users/Yasharzb/Documents/GitHub/DSD_Lab_AYA/project_2.ip_user_files/bd/BCD_modulo_3/ip/BCD_modulo_3_util_vector_logic_13_9/sim/BCD_modulo_3_util_vector_logic_13_9.v" into library xil_defaultlib
INFO: [VRFC 10-311] analyzing module BCD_modulo_3_util_vector_logic_13_9
INFO: [VRFC 10-2263] Analyzing Verilog file "C:/Users/Yasharzb/Documents/GitHub/DSD_Lab_AYA/project_2.ip_user_files/bd/BCD_modulo_3/ip/BCD_modulo_3_util_vector_logic_14_3/sim/BCD_modulo_3_util_vector_logic_14_3.v" into library xil_defaultlib
INFO: [VRFC 10-311] analyzing module BCD_modulo_3_util_vector_logic_14_3
INFO: [VRFC 10-2263] Analyzing Verilog file "C:/Users/Yasharzb/Documents/GitHub/DSD_Lab_AYA/project_2.ip_user_files/bd/BCD_modulo_3/ip/BCD_modulo_3_util_vector_logic_0_11/sim/BCD_modulo_3_util_vector_logic_0_11.v" into library xil_defaultlib
INFO: [VRFC 10-311] analyzing module BCD_modulo_3_util_vector_logic_0_11
INFO: [VRFC 10-2263] Analyzing Verilog file "C:/Users/Yasharzb/Documents/GitHub/DSD_Lab_AYA/project_2.ip_user_files/bd/BCD_modulo_3/ip/BCD_modulo_3_util_vector_logic_1_1/sim/BCD_modulo_3_util_vector_logic_1_1.v" into library xil_defaultlib
INFO: [VRFC 10-311] analyzing module BCD_modulo_3_util_vector_logic_1_1
INFO: [VRFC 10-2263] Analyzing Verilog file "C:/Users/Yasharzb/Documents/GitHub/DSD_Lab_AYA/project_2.ip_user_files/bd/BCD_modulo_3/ip/BCD_modulo_3_util_vector_logic_2_1/sim/BCD_modulo_3_util_vector_logic_2_1.v" into library xil_defaultlib
INFO: [VRFC 10-311] analyzing module BCD_modulo_3_util_vector_logic_2_1
INFO: [VRFC 10-2263] Analyzing Verilog file "C:/Users/Yasharzb/Documents/GitHub/DSD_Lab_AYA/project_2.ip_user_files/bd/BCD_modulo_3/ip/BCD_modulo_3_util_vector_logic_3_1/sim/BCD_modulo_3_util_vector_logic_3_1.v" into library xil_defaultlib
INFO: [VRFC 10-311] analyzing module BCD_modulo_3_util_vector_logic_3_1
INFO: [VRFC 10-2263] Analyzing Verilog file "C:/Users/Yasharzb/Documents/GitHub/DSD_Lab_AYA/project_2.ip_user_files/bd/BCD_modulo_3/ip/BCD_modulo_3_util_vector_logic_4_18/sim/BCD_modulo_3_util_vector_logic_4_18.v" into library xil_defaultlib
INFO: [VRFC 10-311] analyzing module BCD_modulo_3_util_vector_logic_4_18
INFO: [VRFC 10-2263] Analyzing Verilog file "C:/Users/Yasharzb/Documents/GitHub/DSD_Lab_AYA/project_2.ip_user_files/bd/BCD_modulo_3/ip/BCD_modulo_3_util_vector_logic_5_2/sim/BCD_modulo_3_util_vector_logic_5_2.v" into library xil_defaultlib
INFO: [VRFC 10-311] analyzing module BCD_modulo_3_util_vector_logic_5_2
INFO: [VRFC 10-2263] Analyzing Verilog file "C:/Users/Yasharzb/Documents/GitHub/DSD_Lab_AYA/project_2.ip_user_files/bd/BCD_modulo_3/ip/BCD_modulo_3_util_vector_logic_6_1/sim/BCD_modulo_3_util_vector_logic_6_1.v" into library xil_defaultlib
INFO: [VRFC 10-311] analyzing module BCD_modulo_3_util_vector_logic_6_1
INFO: [VRFC 10-2263] Analyzing Verilog file "C:/Users/Yasharzb/Documents/GitHub/DSD_Lab_AYA/project_2.ip_user_files/bd/BCD_modulo_3/ip/BCD_modulo_3_util_vector_logic_7_2/sim/BCD_modulo_3_util_vector_logic_7_2.v" into library xil_defaultlib
INFO: [VRFC 10-311] analyzing module BCD_modulo_3_util_vector_logic_7_2
INFO: [VRFC 10-2263] Analyzing Verilog file "C:/Users/Yasharzb/Documents/GitHub/DSD_Lab_AYA/project_2.ip_user_files/bd/BCD_modulo_3/ip/BCD_modulo_3_util_vector_logic_8_1/sim/BCD_modulo_3_util_vector_logic_8_1.v" into library xil_defaultlib
INFO: [VRFC 10-311] analyzing module BCD_modulo_3_util_vector_logic_8_1
INFO: [VRFC 10-2263] Analyzing Verilog file "C:/Users/Yasharzb/Documents/GitHub/DSD_Lab_AYA/project_2.ip_user_files/bd/BCD_modulo_3/ip/BCD_modulo_3_util_vector_logic_9_1/sim/BCD_modulo_3_util_vector_logic_9_1.v" into library xil_defaultlib
INFO: [VRFC 10-311] analyzing module BCD_modulo_3_util_vector_logic_9_1
INFO: [VRFC 10-2263] Analyzing Verilog file "C:/Users/Yasharzb/Documents/GitHub/DSD_Lab_AYA/project_2.ip_user_files/bd/BCD_modulo_3/ip/BCD_modulo_3_util_vector_logic_10_3/sim/BCD_modulo_3_util_vector_logic_10_3.v" into library xil_defaultlib
INFO: [VRFC 10-311] analyzing module BCD_modulo_3_util_vector_logic_10_3
INFO: [VRFC 10-2263] Analyzing Verilog file "C:/Users/Yasharzb/Documents/GitHub/DSD_Lab_AYA/project_2.ip_user_files/bd/BCD_modulo_3/ip/BCD_modulo_3_util_vector_logic_11_1/sim/BCD_modulo_3_util_vector_logic_11_1.v" into library xil_defaultlib
INFO: [VRFC 10-311] analyzing module BCD_modulo_3_util_vector_logic_11_1
INFO: [VRFC 10-2263] Analyzing Verilog file "C:/Users/Yasharzb/Documents/GitHub/DSD_Lab_AYA/project_2.ip_user_files/bd/BCD_modulo_3/ip/BCD_modulo_3_util_vector_logic_12_2/sim/BCD_modulo_3_util_vector_logic_12_2.v" into library xil_defaultlib
INFO: [VRFC 10-311] analyzing module BCD_modulo_3_util_vector_logic_12_2
INFO: [VRFC 10-2263] Analyzing Verilog file "C:/Users/Yasharzb/Documents/GitHub/DSD_Lab_AYA/project_2.ip_user_files/bd/BCD_modulo_3/ip/BCD_modulo_3_util_vector_logic_13_10/sim/BCD_modulo_3_util_vector_logic_13_10.v" into library xil_defaultlib
INFO: [VRFC 10-311] analyzing module BCD_modulo_3_util_vector_logic_13_10
INFO: [VRFC 10-2263] Analyzing Verilog file "C:/Users/Yasharzb/Documents/GitHub/DSD_Lab_AYA/project_2.ip_user_files/bd/BCD_modulo_3/ip/BCD_modulo_3_util_vector_logic_14_4/sim/BCD_modulo_3_util_vector_logic_14_4.v" into library xil_defaultlib
INFO: [VRFC 10-311] analyzing module BCD_modulo_3_util_vector_logic_14_4
INFO: [VRFC 10-2263] Analyzing Verilog file "C:/Users/Yasharzb/Documents/GitHub/DSD_Lab_AYA/project_2.ip_user_files/bd/BCD_modulo_3/ip/BCD_modulo_3_util_vector_logic_15_5/sim/BCD_modulo_3_util_vector_logic_15_5.v" into library xil_defaultlib
INFO: [VRFC 10-311] analyzing module BCD_modulo_3_util_vector_logic_15_5
INFO: [VRFC 10-2263] Analyzing Verilog file "C:/Users/Yasharzb/Documents/GitHub/DSD_Lab_AYA/project_2.ip_user_files/bd/BCD_modulo_3/ip/BCD_modulo_3_util_vector_logic_16_3/sim/BCD_modulo_3_util_vector_logic_16_3.v" into library xil_defaultlib
INFO: [VRFC 10-311] analyzing module BCD_modulo_3_util_vector_logic_16_3
INFO: [VRFC 10-2263] Analyzing Verilog file "C:/Users/Yasharzb/Documents/GitHub/DSD_Lab_AYA/project_2.ip_user_files/bd/BCD_modulo_3/ip/BCD_modulo_3_util_vector_logic_17_3/sim/BCD_modulo_3_util_vector_logic_17_3.v" into library xil_defaultlib
INFO: [VRFC 10-311] analyzing module BCD_modulo_3_util_vector_logic_17_3
INFO: [VRFC 10-2263] Analyzing Verilog file "C:/Users/Yasharzb/Documents/GitHub/DSD_Lab_AYA/project_2.ip_user_files/bd/BCD_modulo_3/ip/BCD_modulo_3_util_vector_logic_18_1/sim/BCD_modulo_3_util_vector_logic_18_1.v" into library xil_defaultlib
INFO: [VRFC 10-311] analyzing module BCD_modulo_3_util_vector_logic_18_1
INFO: [VRFC 10-2263] Analyzing Verilog file "C:/Users/Yasharzb/Documents/GitHub/DSD_Lab_AYA/project_2.ip_user_files/bd/BCD_modulo_3/ip/BCD_modulo_3_util_vector_logic_19_1/sim/BCD_modulo_3_util_vector_logic_19_1.v" into library xil_defaultlib
INFO: [VRFC 10-311] analyzing module BCD_modulo_3_util_vector_logic_19_1
INFO: [VRFC 10-2263] Analyzing Verilog file "C:/Users/Yasharzb/Documents/GitHub/DSD_Lab_AYA/project_2.ip_user_files/bd/BCD_modulo_3/ip/BCD_modulo_3_util_vector_logic_20_1/sim/BCD_modulo_3_util_vector_logic_20_1.v" into library xil_defaultlib
INFO: [VRFC 10-311] analyzing module BCD_modulo_3_util_vector_logic_20_1
INFO: [VRFC 10-2263] Analyzing Verilog file "C:/Users/Yasharzb/Documents/GitHub/DSD_Lab_AYA/project_2.ip_user_files/bd/BCD_modulo_3/ip/BCD_modulo_3_util_vector_logic_21_1/sim/BCD_modulo_3_util_vector_logic_21_1.v" into library xil_defaultlib
INFO: [VRFC 10-311] analyzing module BCD_modulo_3_util_vector_logic_21_1
INFO: [VRFC 10-2263] Analyzing Verilog file "C:/Users/Yasharzb/Documents/GitHub/DSD_Lab_AYA/project_2.ip_user_files/bd/BCD_modulo_3/ip/BCD_modulo_3_util_vector_logic_22_3/sim/BCD_modulo_3_util_vector_logic_22_3.v" into library xil_defaultlib
INFO: [VRFC 10-311] analyzing module BCD_modulo_3_util_vector_logic_22_3
INFO: [VRFC 10-2263] Analyzing Verilog file "C:/Users/Yasharzb/Documents/GitHub/DSD_Lab_AYA/project_2.ip_user_files/bd/BCD_modulo_3/ip/BCD_modulo_3_util_vector_logic_23_1/sim/BCD_modulo_3_util_vector_logic_23_1.v" into library xil_defaultlib
INFO: [VRFC 10-311] analyzing module BCD_modulo_3_util_vector_logic_23_1
INFO: [VRFC 10-2263] Analyzing Verilog file "C:/Users/Yasharzb/Documents/GitHub/DSD_Lab_AYA/project_2.ip_user_files/bd/BCD_modulo_3/ip/BCD_modulo_3_util_vector_logic_0_12/sim/BCD_modulo_3_util_vector_logic_0_12.v" into library xil_defaultlib
INFO: [VRFC 10-311] analyzing module BCD_modulo_3_util_vector_logic_0_12
INFO: [VRFC 10-2263] Analyzing Verilog file "C:/Users/Yasharzb/Documents/GitHub/DSD_Lab_AYA/project_2.ip_user_files/bd/BCD_modulo_3/ip/BCD_modulo_3_util_vector_logic_1_2/sim/BCD_modulo_3_util_vector_logic_1_2.v" into library xil_defaultlib
INFO: [VRFC 10-311] analyzing module BCD_modulo_3_util_vector_logic_1_2
INFO: [VRFC 10-2263] Analyzing Verilog file "C:/Users/Yasharzb/Documents/GitHub/DSD_Lab_AYA/project_2.ip_user_files/bd/BCD_modulo_3/ip/BCD_modulo_3_util_vector_logic_2_2/sim/BCD_modulo_3_util_vector_logic_2_2.v" into library xil_defaultlib
INFO: [VRFC 10-311] analyzing module BCD_modulo_3_util_vector_logic_2_2
INFO: [VRFC 10-2263] Analyzing Verilog file "C:/Users/Yasharzb/Documents/GitHub/DSD_Lab_AYA/project_2.ip_user_files/bd/BCD_modulo_3/ip/BCD_modulo_3_util_vector_logic_3_2/sim/BCD_modulo_3_util_vector_logic_3_2.v" into library xil_defaultlib
INFO: [VRFC 10-311] analyzing module BCD_modulo_3_util_vector_logic_3_2
INFO: [VRFC 10-2263] Analyzing Verilog file "C:/Users/Yasharzb/Documents/GitHub/DSD_Lab_AYA/project_2.ip_user_files/bd/BCD_modulo_3/ip/BCD_modulo_3_util_vector_logic_4_19/sim/BCD_modulo_3_util_vector_logic_4_19.v" into library xil_defaultlib
INFO: [VRFC 10-311] analyzing module BCD_modulo_3_util_vector_logic_4_19
INFO: [VRFC 10-2263] Analyzing Verilog file "C:/Users/Yasharzb/Documents/GitHub/DSD_Lab_AYA/project_2.ip_user_files/bd/BCD_modulo_3/ip/BCD_modulo_3_util_vector_logic_5_3/sim/BCD_modulo_3_util_vector_logic_5_3.v" into library xil_defaultlib
INFO: [VRFC 10-311] analyzing module BCD_modulo_3_util_vector_logic_5_3
INFO: [VRFC 10-2263] Analyzing Verilog file "C:/Users/Yasharzb/Documents/GitHub/DSD_Lab_AYA/project_2.ip_user_files/bd/BCD_modulo_3/ip/BCD_modulo_3_util_vector_logic_6_2/sim/BCD_modulo_3_util_vector_logic_6_2.v" into library xil_defaultlib
INFO: [VRFC 10-311] analyzing module BCD_modulo_3_util_vector_logic_6_2
INFO: [VRFC 10-2263] Analyzing Verilog file "C:/Users/Yasharzb/Documents/GitHub/DSD_Lab_AYA/project_2.ip_user_files/bd/BCD_modulo_3/ip/BCD_modulo_3_util_vector_logic_7_3/sim/BCD_modulo_3_util_vector_logic_7_3.v" into library xil_defaultlib
INFO: [VRFC 10-311] analyzing module BCD_modulo_3_util_vector_logic_7_3
INFO: [VRFC 10-2263] Analyzing Verilog file "C:/Users/Yasharzb/Documents/GitHub/DSD_Lab_AYA/project_2.ip_user_files/bd/BCD_modulo_3/ip/BCD_modulo_3_util_vector_logic_8_2/sim/BCD_modulo_3_util_vector_logic_8_2.v" into library xil_defaultlib
INFO: [VRFC 10-311] analyzing module BCD_modulo_3_util_vector_logic_8_2
INFO: [VRFC 10-2263] Analyzing Verilog file "C:/Users/Yasharzb/Documents/GitHub/DSD_Lab_AYA/project_2.ip_user_files/bd/BCD_modulo_3/ip/BCD_modulo_3_util_vector_logic_9_2/sim/BCD_modulo_3_util_vector_logic_9_2.v" into library xil_defaultlib
INFO: [VRFC 10-311] analyzing module BCD_modulo_3_util_vector_logic_9_2
INFO: [VRFC 10-2263] Analyzing Verilog file "C:/Users/Yasharzb/Documents/GitHub/DSD_Lab_AYA/project_2.ip_user_files/bd/BCD_modulo_3/ip/BCD_modulo_3_util_vector_logic_10_4/sim/BCD_modulo_3_util_vector_logic_10_4.v" into library xil_defaultlib
INFO: [VRFC 10-311] analyzing module BCD_modulo_3_util_vector_logic_10_4
INFO: [VRFC 10-2263] Analyzing Verilog file "C:/Users/Yasharzb/Documents/GitHub/DSD_Lab_AYA/project_2.ip_user_files/bd/BCD_modulo_3/ip/BCD_modulo_3_util_vector_logic_11_2/sim/BCD_modulo_3_util_vector_logic_11_2.v" into library xil_defaultlib
INFO: [VRFC 10-311] analyzing module BCD_modulo_3_util_vector_logic_11_2
INFO: [VRFC 10-2263] Analyzing Verilog file "C:/Users/Yasharzb/Documents/GitHub/DSD_Lab_AYA/project_2.ip_user_files/bd/BCD_modulo_3/ip/BCD_modulo_3_util_vector_logic_12_3/sim/BCD_modulo_3_util_vector_logic_12_3.v" into library xil_defaultlib
INFO: [VRFC 10-311] analyzing module BCD_modulo_3_util_vector_logic_12_3
INFO: [VRFC 10-2263] Analyzing Verilog file "C:/Users/Yasharzb/Documents/GitHub/DSD_Lab_AYA/project_2.ip_user_files/bd/BCD_modulo_3/ip/BCD_modulo_3_util_vector_logic_13_11/sim/BCD_modulo_3_util_vector_logic_13_11.v" into library xil_defaultlib
INFO: [VRFC 10-311] analyzing module BCD_modulo_3_util_vector_logic_13_11
INFO: [VRFC 10-2263] Analyzing Verilog file "C:/Users/Yasharzb/Documents/GitHub/DSD_Lab_AYA/project_2.ip_user_files/bd/BCD_modulo_3/ip/BCD_modulo_3_util_vector_logic_14_5/sim/BCD_modulo_3_util_vector_logic_14_5.v" into library xil_defaultlib
INFO: [VRFC 10-311] analyzing module BCD_modulo_3_util_vector_logic_14_5
INFO: [VRFC 10-2263] Analyzing Verilog file "C:/Users/Yasharzb/Documents/GitHub/DSD_Lab_AYA/project_2.ip_user_files/bd/BCD_modulo_3/ip/BCD_modulo_3_util_vector_logic_15_6/sim/BCD_modulo_3_util_vector_logic_15_6.v" into library xil_defaultlib
INFO: [VRFC 10-311] analyzing module BCD_modulo_3_util_vector_logic_15_6
INFO: [VRFC 10-2263] Analyzing Verilog file "C:/Users/Yasharzb/Documents/GitHub/DSD_Lab_AYA/project_2.ip_user_files/bd/BCD_modulo_3/ip/BCD_modulo_3_util_vector_logic_16_4/sim/BCD_modulo_3_util_vector_logic_16_4.v" into library xil_defaultlib
INFO: [VRFC 10-311] analyzing module BCD_modulo_3_util_vector_logic_16_4
INFO: [VRFC 10-2263] Analyzing Verilog file "C:/Users/Yasharzb/Documents/GitHub/DSD_Lab_AYA/project_2.ip_user_files/bd/BCD_modulo_3/ip/BCD_modulo_3_util_vector_logic_17_4/sim/BCD_modulo_3_util_vector_logic_17_4.v" into library xil_defaultlib
INFO: [VRFC 10-311] analyzing module BCD_modulo_3_util_vector_logic_17_4
INFO: [VRFC 10-2263] Analyzing Verilog file "C:/Users/Yasharzb/Documents/GitHub/DSD_Lab_AYA/project_2.ip_user_files/bd/BCD_modulo_3/ip/BCD_modulo_3_util_vector_logic_18_2/sim/BCD_modulo_3_util_vector_logic_18_2.v" into library xil_defaultlib
INFO: [VRFC 10-311] analyzing module BCD_modulo_3_util_vector_logic_18_2
INFO: [VRFC 10-2263] Analyzing Verilog file "C:/Users/Yasharzb/Documents/GitHub/DSD_Lab_AYA/project_2.ip_user_files/bd/BCD_modulo_3/ip/BCD_modulo_3_util_vector_logic_19_2/sim/BCD_modulo_3_util_vector_logic_19_2.v" into library xil_defaultlib
INFO: [VRFC 10-311] analyzing module BCD_modulo_3_util_vector_logic_19_2
INFO: [VRFC 10-2263] Analyzing Verilog file "C:/Users/Yasharzb/Documents/GitHub/DSD_Lab_AYA/project_2.ip_user_files/bd/BCD_modulo_3/ip/BCD_modulo_3_util_vector_logic_20_2/sim/BCD_modulo_3_util_vector_logic_20_2.v" into library xil_defaultlib
INFO: [VRFC 10-311] analyzing module BCD_modulo_3_util_vector_logic_20_2
INFO: [VRFC 10-2263] Analyzing Verilog file "C:/Users/Yasharzb/Documents/GitHub/DSD_Lab_AYA/project_2.ip_user_files/bd/BCD_modulo_3/ip/BCD_modulo_3_util_vector_logic_21_2/sim/BCD_modulo_3_util_vector_logic_21_2.v" into library xil_defaultlib
INFO: [VRFC 10-311] analyzing module BCD_modulo_3_util_vector_logic_21_2
INFO: [VRFC 10-2263] Analyzing Verilog file "C:/Users/Yasharzb/Documents/GitHub/DSD_Lab_AYA/project_2.ip_user_files/bd/BCD_modulo_3/ip/BCD_modulo_3_util_vector_logic_22_4/sim/BCD_modulo_3_util_vector_logic_22_4.v" into library xil_defaultlib
INFO: [VRFC 10-311] analyzing module BCD_modulo_3_util_vector_logic_22_4
INFO: [VRFC 10-2263] Analyzing Verilog file "C:/Users/Yasharzb/Documents/GitHub/DSD_Lab_AYA/project_2.ip_user_files/bd/BCD_modulo_3/ip/BCD_modulo_3_util_vector_logic_23_2/sim/BCD_modulo_3_util_vector_logic_23_2.v" into library xil_defaultlib
INFO: [VRFC 10-311] analyzing module BCD_modulo_3_util_vector_logic_23_2
INFO: [VRFC 10-2263] Analyzing Verilog file "C:/Users/Yasharzb/Documents/GitHub/DSD_Lab_AYA/project_2.ip_user_files/bd/BCD_modulo_3/ip/BCD_modulo_3_util_vector_logic_0_13/sim/BCD_modulo_3_util_vector_logic_0_13.v" into library xil_defaultlib
INFO: [VRFC 10-311] analyzing module BCD_modulo_3_util_vector_logic_0_13
INFO: [VRFC 10-2263] Analyzing Verilog file "C:/Users/Yasharzb/Documents/GitHub/DSD_Lab_AYA/project_2.ip_user_files/bd/BCD_modulo_3/ip/BCD_modulo_3_util_vector_logic_1_3/sim/BCD_modulo_3_util_vector_logic_1_3.v" into library xil_defaultlib
INFO: [VRFC 10-311] analyzing module BCD_modulo_3_util_vector_logic_1_3
INFO: [VRFC 10-2263] Analyzing Verilog file "C:/Users/Yasharzb/Documents/GitHub/DSD_Lab_AYA/project_2.ip_user_files/bd/BCD_modulo_3/ip/BCD_modulo_3_util_vector_logic_2_3/sim/BCD_modulo_3_util_vector_logic_2_3.v" into library xil_defaultlib
INFO: [VRFC 10-311] analyzing module BCD_modulo_3_util_vector_logic_2_3
INFO: [VRFC 10-2263] Analyzing Verilog file "C:/Users/Yasharzb/Documents/GitHub/DSD_Lab_AYA/project_2.ip_user_files/bd/BCD_modulo_3/ip/BCD_modulo_3_util_vector_logic_3_3/sim/BCD_modulo_3_util_vector_logic_3_3.v" into library xil_defaultlib
INFO: [VRFC 10-311] analyzing module BCD_modulo_3_util_vector_logic_3_3
INFO: [VRFC 10-2263] Analyzing Verilog file "C:/Users/Yasharzb/Documents/GitHub/DSD_Lab_AYA/project_2.ip_user_files/bd/BCD_modulo_3/ip/BCD_modulo_3_util_vector_logic_4_20/sim/BCD_modulo_3_util_vector_logic_4_20.v" into library xil_defaultlib
INFO: [VRFC 10-311] analyzing module BCD_modulo_3_util_vector_logic_4_20
INFO: [VRFC 10-2263] Analyzing Verilog file "C:/Users/Yasharzb/Documents/GitHub/DSD_Lab_AYA/project_2.ip_user_files/bd/BCD_modulo_3/ip/BCD_modulo_3_util_vector_logic_5_4/sim/BCD_modulo_3_util_vector_logic_5_4.v" into library xil_defaultlib
INFO: [VRFC 10-311] analyzing module BCD_modulo_3_util_vector_logic_5_4
INFO: [VRFC 10-2263] Analyzing Verilog file "C:/Users/Yasharzb/Documents/GitHub/DSD_Lab_AYA/project_2.ip_user_files/bd/BCD_modulo_3/ip/BCD_modulo_3_util_vector_logic_6_3/sim/BCD_modulo_3_util_vector_logic_6_3.v" into library xil_defaultlib
INFO: [VRFC 10-311] analyzing module BCD_modulo_3_util_vector_logic_6_3
INFO: [VRFC 10-2263] Analyzing Verilog file "C:/Users/Yasharzb/Documents/GitHub/DSD_Lab_AYA/project_2.ip_user_files/bd/BCD_modulo_3/ip/BCD_modulo_3_util_vector_logic_7_4/sim/BCD_modulo_3_util_vector_logic_7_4.v" into library xil_defaultlib
INFO: [VRFC 10-311] analyzing module BCD_modulo_3_util_vector_logic_7_4
INFO: [VRFC 10-2263] Analyzing Verilog file "C:/Users/Yasharzb/Documents/GitHub/DSD_Lab_AYA/project_2.ip_user_files/bd/BCD_modulo_3/ip/BCD_modulo_3_util_vector_logic_8_3/sim/BCD_modulo_3_util_vector_logic_8_3.v" into library xil_defaultlib
INFO: [VRFC 10-311] analyzing module BCD_modulo_3_util_vector_logic_8_3
INFO: [VRFC 10-2263] Analyzing Verilog file "C:/Users/Yasharzb/Documents/GitHub/DSD_Lab_AYA/project_2.ip_user_files/bd/BCD_modulo_3/ip/BCD_modulo_3_util_vector_logic_9_3/sim/BCD_modulo_3_util_vector_logic_9_3.v" into library xil_defaultlib
INFO: [VRFC 10-311] analyzing module BCD_modulo_3_util_vector_logic_9_3
INFO: [VRFC 10-2263] Analyzing Verilog file "C:/Users/Yasharzb/Documents/GitHub/DSD_Lab_AYA/project_2.ip_user_files/bd/BCD_modulo_3/ip/BCD_modulo_3_util_vector_logic_10_5/sim/BCD_modulo_3_util_vector_logic_10_5.v" into library xil_defaultlib
INFO: [VRFC 10-311] analyzing module BCD_modulo_3_util_vector_logic_10_5
INFO: [VRFC 10-2263] Analyzing Verilog file "C:/Users/Yasharzb/Documents/GitHub/DSD_Lab_AYA/project_2.ip_user_files/bd/BCD_modulo_3/ip/BCD_modulo_3_util_vector_logic_11_3/sim/BCD_modulo_3_util_vector_logic_11_3.v" into library xil_defaultlib
INFO: [VRFC 10-311] analyzing module BCD_modulo_3_util_vector_logic_11_3
INFO: [VRFC 10-2263] Analyzing Verilog file "C:/Users/Yasharzb/Documents/GitHub/DSD_Lab_AYA/project_2.ip_user_files/bd/BCD_modulo_3/ip/BCD_modulo_3_util_vector_logic_12_4/sim/BCD_modulo_3_util_vector_logic_12_4.v" into library xil_defaultlib
INFO: [VRFC 10-311] analyzing module BCD_modulo_3_util_vector_logic_12_4
INFO: [VRFC 10-2263] Analyzing Verilog file "C:/Users/Yasharzb/Documents/GitHub/DSD_Lab_AYA/project_2.ip_user_files/bd/BCD_modulo_3/ip/BCD_modulo_3_util_vector_logic_13_12/sim/BCD_modulo_3_util_vector_logic_13_12.v" into library xil_defaultlib
INFO: [VRFC 10-311] analyzing module BCD_modulo_3_util_vector_logic_13_12
INFO: [VRFC 10-2263] Analyzing Verilog file "C:/Users/Yasharzb/Documents/GitHub/DSD_Lab_AYA/project_2.ip_user_files/bd/BCD_modulo_3/ip/BCD_modulo_3_util_vector_logic_14_6/sim/BCD_modulo_3_util_vector_logic_14_6.v" into library xil_defaultlib
INFO: [VRFC 10-311] analyzing module BCD_modulo_3_util_vector_logic_14_6
INFO: [VRFC 10-2263] Analyzing Verilog file "C:/Users/Yasharzb/Documents/GitHub/DSD_Lab_AYA/project_2.ip_user_files/bd/BCD_modulo_3/ip/BCD_modulo_3_util_vector_logic_15_7/sim/BCD_modulo_3_util_vector_logic_15_7.v" into library xil_defaultlib
INFO: [VRFC 10-311] analyzing module BCD_modulo_3_util_vector_logic_15_7
INFO: [VRFC 10-2263] Analyzing Verilog file "C:/Users/Yasharzb/Documents/GitHub/DSD_Lab_AYA/project_2.ip_user_files/bd/BCD_modulo_3/ip/BCD_modulo_3_util_vector_logic_16_5/sim/BCD_modulo_3_util_vector_logic_16_5.v" into library xil_defaultlib
INFO: [VRFC 10-311] analyzing module BCD_modulo_3_util_vector_logic_16_5
INFO: [VRFC 10-2263] Analyzing Verilog file "C:/Users/Yasharzb/Documents/GitHub/DSD_Lab_AYA/project_2.ip_user_files/bd/BCD_modulo_3/ip/BCD_modulo_3_util_vector_logic_17_5/sim/BCD_modulo_3_util_vector_logic_17_5.v" into library xil_defaultlib
INFO: [VRFC 10-311] analyzing module BCD_modulo_3_util_vector_logic_17_5
INFO: [VRFC 10-2263] Analyzing Verilog file "C:/Users/Yasharzb/Documents/GitHub/DSD_Lab_AYA/project_2.ip_user_files/bd/BCD_modulo_3/ip/BCD_modulo_3_util_vector_logic_18_3/sim/BCD_modulo_3_util_vector_logic_18_3.v" into library xil_defaultlib
INFO: [VRFC 10-311] analyzing module BCD_modulo_3_util_vector_logic_18_3
INFO: [VRFC 10-2263] Analyzing Verilog file "C:/Users/Yasharzb/Documents/GitHub/DSD_Lab_AYA/project_2.ip_user_files/bd/BCD_modulo_3/ip/BCD_modulo_3_util_vector_logic_19_3/sim/BCD_modulo_3_util_vector_logic_19_3.v" into library xil_defaultlib
INFO: [VRFC 10-311] analyzing module BCD_modulo_3_util_vector_logic_19_3
INFO: [VRFC 10-2263] Analyzing Verilog file "C:/Users/Yasharzb/Documents/GitHub/DSD_Lab_AYA/project_2.ip_user_files/bd/BCD_modulo_3/ip/BCD_modulo_3_util_vector_logic_20_3/sim/BCD_modulo_3_util_vector_logic_20_3.v" into library xil_defaultlib
INFO: [VRFC 10-311] analyzing module BCD_modulo_3_util_vector_logic_20_3
INFO: [VRFC 10-2263] Analyzing Verilog file "C:/Users/Yasharzb/Documents/GitHub/DSD_Lab_AYA/project_2.ip_user_files/bd/BCD_modulo_3/ip/BCD_modulo_3_util_vector_logic_21_3/sim/BCD_modulo_3_util_vector_logic_21_3.v" into library xil_defaultlib
INFO: [VRFC 10-311] analyzing module BCD_modulo_3_util_vector_logic_21_3
INFO: [VRFC 10-2263] Analyzing Verilog file "C:/Users/Yasharzb/Documents/GitHub/DSD_Lab_AYA/project_2.ip_user_files/bd/BCD_modulo_3/ip/BCD_modulo_3_util_vector_logic_22_5/sim/BCD_modulo_3_util_vector_logic_22_5.v" into library xil_defaultlib
INFO: [VRFC 10-311] analyzing module BCD_modulo_3_util_vector_logic_22_5
INFO: [VRFC 10-2263] Analyzing Verilog file "C:/Users/Yasharzb/Documents/GitHub/DSD_Lab_AYA/project_2.ip_user_files/bd/BCD_modulo_3/ip/BCD_modulo_3_util_vector_logic_23_3/sim/BCD_modulo_3_util_vector_logic_23_3.v" into library xil_defaultlib
INFO: [VRFC 10-311] analyzing module BCD_modulo_3_util_vector_logic_23_3
INFO: [VRFC 10-2263] Analyzing Verilog file "C:/Users/Yasharzb/Documents/GitHub/DSD_Lab_AYA/project_2.ip_user_files/bd/BCD_modulo_3/ip/BCD_modulo_3_util_vector_logic_24_0/sim/BCD_modulo_3_util_vector_logic_24_0.v" into library xil_defaultlib
INFO: [VRFC 10-311] analyzing module BCD_modulo_3_util_vector_logic_24_0
INFO: [VRFC 10-2263] Analyzing Verilog file "C:/Users/Yasharzb/Documents/GitHub/DSD_Lab_AYA/project_2.ip_user_files/bd/BCD_modulo_3/ip/BCD_modulo_3_util_vector_logic_25_0/sim/BCD_modulo_3_util_vector_logic_25_0.v" into library xil_defaultlib
INFO: [VRFC 10-311] analyzing module BCD_modulo_3_util_vector_logic_25_0
INFO: [VRFC 10-2263] Analyzing Verilog file "C:/Users/Yasharzb/Documents/GitHub/DSD_Lab_AYA/project_2.ip_user_files/bd/BCD_modulo_3/ip/BCD_modulo_3_util_vector_logic_0_14/sim/BCD_modulo_3_util_vector_logic_0_14.v" into library xil_defaultlib
INFO: [VRFC 10-311] analyzing module BCD_modulo_3_util_vector_logic_0_14
INFO: [VRFC 10-2263] Analyzing Verilog file "C:/Users/Yasharzb/Documents/GitHub/DSD_Lab_AYA/project_2.ip_user_files/bd/BCD_modulo_3/ip/BCD_modulo_3_util_vector_logic_1_4/sim/BCD_modulo_3_util_vector_logic_1_4.v" into library xil_defaultlib
INFO: [VRFC 10-311] analyzing module BCD_modulo_3_util_vector_logic_1_4
INFO: [VRFC 10-2263] Analyzing Verilog file "C:/Users/Yasharzb/Documents/GitHub/DSD_Lab_AYA/project_2.ip_user_files/bd/BCD_modulo_3/ip/BCD_modulo_3_util_vector_logic_2_4/sim/BCD_modulo_3_util_vector_logic_2_4.v" into library xil_defaultlib
INFO: [VRFC 10-311] analyzing module BCD_modulo_3_util_vector_logic_2_4
INFO: [VRFC 10-2263] Analyzing Verilog file "C:/Users/Yasharzb/Documents/GitHub/DSD_Lab_AYA/project_2.ip_user_files/bd/BCD_modulo_3/ip/BCD_modulo_3_util_vector_logic_3_4/sim/BCD_modulo_3_util_vector_logic_3_4.v" into library xil_defaultlib
INFO: [VRFC 10-311] analyzing module BCD_modulo_3_util_vector_logic_3_4
INFO: [VRFC 10-2263] Analyzing Verilog file "C:/Users/Yasharzb/Documents/GitHub/DSD_Lab_AYA/project_2.ip_user_files/bd/BCD_modulo_3/ip/BCD_modulo_3_util_vector_logic_4_21/sim/BCD_modulo_3_util_vector_logic_4_21.v" into library xil_defaultlib
INFO: [VRFC 10-311] analyzing module BCD_modulo_3_util_vector_logic_4_21
INFO: [VRFC 10-2263] Analyzing Verilog file "C:/Users/Yasharzb/Documents/GitHub/DSD_Lab_AYA/project_2.ip_user_files/bd/BCD_modulo_3/ip/BCD_modulo_3_util_vector_logic_5_5/sim/BCD_modulo_3_util_vector_logic_5_5.v" into library xil_defaultlib
INFO: [VRFC 10-311] analyzing module BCD_modulo_3_util_vector_logic_5_5
INFO: [VRFC 10-2263] Analyzing Verilog file "C:/Users/Yasharzb/Documents/GitHub/DSD_Lab_AYA/project_2.ip_user_files/bd/BCD_modulo_3/ip/BCD_modulo_3_util_vector_logic_6_4/sim/BCD_modulo_3_util_vector_logic_6_4.v" into library xil_defaultlib
INFO: [VRFC 10-311] analyzing module BCD_modulo_3_util_vector_logic_6_4
INFO: [VRFC 10-2263] Analyzing Verilog file "C:/Users/Yasharzb/Documents/GitHub/DSD_Lab_AYA/project_2.ip_user_files/bd/BCD_modulo_3/ip/BCD_modulo_3_util_vector_logic_7_5/sim/BCD_modulo_3_util_vector_logic_7_5.v" into library xil_defaultlib
INFO: [VRFC 10-311] analyzing module BCD_modulo_3_util_vector_logic_7_5
INFO: [VRFC 10-2263] Analyzing Verilog file "C:/Users/Yasharzb/Documents/GitHub/DSD_Lab_AYA/project_2.ip_user_files/bd/BCD_modulo_3/ip/BCD_modulo_3_util_vector_logic_8_4/sim/BCD_modulo_3_util_vector_logic_8_4.v" into library xil_defaultlib
INFO: [VRFC 10-311] analyzing module BCD_modulo_3_util_vector_logic_8_4
INFO: [VRFC 10-2263] Analyzing Verilog file "C:/Users/Yasharzb/Documents/GitHub/DSD_Lab_AYA/project_2.ip_user_files/bd/BCD_modulo_3/ip/BCD_modulo_3_util_vector_logic_9_4/sim/BCD_modulo_3_util_vector_logic_9_4.v" into library xil_defaultlib
INFO: [VRFC 10-311] analyzing module BCD_modulo_3_util_vector_logic_9_4
INFO: [VRFC 10-2263] Analyzing Verilog file "C:/Users/Yasharzb/Documents/GitHub/DSD_Lab_AYA/project_2.ip_user_files/bd/BCD_modulo_3/ip/BCD_modulo_3_util_vector_logic_10_6/sim/BCD_modulo_3_util_vector_logic_10_6.v" into library xil_defaultlib
INFO: [VRFC 10-311] analyzing module BCD_modulo_3_util_vector_logic_10_6
INFO: [VRFC 10-2263] Analyzing Verilog file "C:/Users/Yasharzb/Documents/GitHub/DSD_Lab_AYA/project_2.ip_user_files/bd/BCD_modulo_3/ip/BCD_modulo_3_util_vector_logic_11_4/sim/BCD_modulo_3_util_vector_logic_11_4.v" into library xil_defaultlib
INFO: [VRFC 10-311] analyzing module BCD_modulo_3_util_vector_logic_11_4
INFO: [VRFC 10-2263] Analyzing Verilog file "C:/Users/Yasharzb/Documents/GitHub/DSD_Lab_AYA/project_2.ip_user_files/bd/BCD_modulo_3/ip/BCD_modulo_3_util_vector_logic_12_5/sim/BCD_modulo_3_util_vector_logic_12_5.v" into library xil_defaultlib
INFO: [VRFC 10-311] analyzing module BCD_modulo_3_util_vector_logic_12_5
INFO: [VRFC 10-2263] Analyzing Verilog file "C:/Users/Yasharzb/Documents/GitHub/DSD_Lab_AYA/project_2.ip_user_files/bd/BCD_modulo_3/ip/BCD_modulo_3_util_vector_logic_13_13/sim/BCD_modulo_3_util_vector_logic_13_13.v" into library xil_defaultlib
INFO: [VRFC 10-311] analyzing module BCD_modulo_3_util_vector_logic_13_13
INFO: [VRFC 10-2263] Analyzing Verilog file "C:/Users/Yasharzb/Documents/GitHub/DSD_Lab_AYA/project_2.ip_user_files/bd/BCD_modulo_3/ip/BCD_modulo_3_util_vector_logic_14_7/sim/BCD_modulo_3_util_vector_logic_14_7.v" into library xil_defaultlib
INFO: [VRFC 10-311] analyzing module BCD_modulo_3_util_vector_logic_14_7
INFO: [VRFC 10-2263] Analyzing Verilog file "C:/Users/Yasharzb/Documents/GitHub/DSD_Lab_AYA/project_2.ip_user_files/bd/BCD_modulo_3/ip/BCD_modulo_3_util_vector_logic_15_8/sim/BCD_modulo_3_util_vector_logic_15_8.v" into library xil_defaultlib
INFO: [VRFC 10-311] analyzing module BCD_modulo_3_util_vector_logic_15_8
INFO: [VRFC 10-2263] Analyzing Verilog file "C:/Users/Yasharzb/Documents/GitHub/DSD_Lab_AYA/project_2.ip_user_files/bd/BCD_modulo_3/ip/BCD_modulo_3_util_vector_logic_16_6/sim/BCD_modulo_3_util_vector_logic_16_6.v" into library xil_defaultlib
INFO: [VRFC 10-311] analyzing module BCD_modulo_3_util_vector_logic_16_6
INFO: [VRFC 10-2263] Analyzing Verilog file "C:/Users/Yasharzb/Documents/GitHub/DSD_Lab_AYA/project_2.ip_user_files/bd/BCD_modulo_3/ip/BCD_modulo_3_util_vector_logic_17_6/sim/BCD_modulo_3_util_vector_logic_17_6.v" into library xil_defaultlib
INFO: [VRFC 10-311] analyzing module BCD_modulo_3_util_vector_logic_17_6
INFO: [VRFC 10-2263] Analyzing Verilog file "C:/Users/Yasharzb/Documents/GitHub/DSD_Lab_AYA/project_2.ip_user_files/bd/BCD_modulo_3/ip/BCD_modulo_3_util_vector_logic_18_4/sim/BCD_modulo_3_util_vector_logic_18_4.v" into library xil_defaultlib
INFO: [VRFC 10-311] analyzing module BCD_modulo_3_util_vector_logic_18_4
INFO: [VRFC 10-2263] Analyzing Verilog file "C:/Users/Yasharzb/Documents/GitHub/DSD_Lab_AYA/project_2.ip_user_files/bd/BCD_modulo_3/ip/BCD_modulo_3_util_vector_logic_19_4/sim/BCD_modulo_3_util_vector_logic_19_4.v" into library xil_defaultlib
INFO: [VRFC 10-311] analyzing module BCD_modulo_3_util_vector_logic_19_4
INFO: [VRFC 10-2263] Analyzing Verilog file "C:/Users/Yasharzb/Documents/GitHub/DSD_Lab_AYA/project_2.ip_user_files/bd/BCD_modulo_3/ip/BCD_modulo_3_util_vector_logic_20_4/sim/BCD_modulo_3_util_vector_logic_20_4.v" into library xil_defaultlib
INFO: [VRFC 10-311] analyzing module BCD_modulo_3_util_vector_logic_20_4
INFO: [VRFC 10-2263] Analyzing Verilog file "C:/Users/Yasharzb/Documents/GitHub/DSD_Lab_AYA/project_2.ip_user_files/bd/BCD_modulo_3/ip/BCD_modulo_3_util_vector_logic_21_4/sim/BCD_modulo_3_util_vector_logic_21_4.v" into library xil_defaultlib
INFO: [VRFC 10-311] analyzing module BCD_modulo_3_util_vector_logic_21_4
INFO: [VRFC 10-2263] Analyzing Verilog file "C:/Users/Yasharzb/Documents/GitHub/DSD_Lab_AYA/project_2.ip_user_files/bd/BCD_modulo_3/ip/BCD_modulo_3_util_vector_logic_22_6/sim/BCD_modulo_3_util_vector_logic_22_6.v" into library xil_defaultlib
INFO: [VRFC 10-311] analyzing module BCD_modulo_3_util_vector_logic_22_6
INFO: [VRFC 10-2263] Analyzing Verilog file "C:/Users/Yasharzb/Documents/GitHub/DSD_Lab_AYA/project_2.ip_user_files/bd/BCD_modulo_3/ip/BCD_modulo_3_util_vector_logic_23_4/sim/BCD_modulo_3_util_vector_logic_23_4.v" into library xil_defaultlib
INFO: [VRFC 10-311] analyzing module BCD_modulo_3_util_vector_logic_23_4
INFO: [VRFC 10-2263] Analyzing Verilog file "C:/Users/Yasharzb/Documents/GitHub/DSD_Lab_AYA/project_2.ip_user_files/bd/BCD_modulo_3/ip/BCD_modulo_3_util_vector_logic_24_1/sim/BCD_modulo_3_util_vector_logic_24_1.v" into library xil_defaultlib
INFO: [VRFC 10-311] analyzing module BCD_modulo_3_util_vector_logic_24_1
INFO: [VRFC 10-2263] Analyzing Verilog file "C:/Users/Yasharzb/Documents/GitHub/DSD_Lab_AYA/project_2.ip_user_files/bd/BCD_modulo_3/ip/BCD_modulo_3_util_vector_logic_25_1/sim/BCD_modulo_3_util_vector_logic_25_1.v" into library xil_defaultlib
INFO: [VRFC 10-311] analyzing module BCD_modulo_3_util_vector_logic_25_1
INFO: [VRFC 10-2263] Analyzing Verilog file "C:/Users/Yasharzb/Documents/GitHub/DSD_Lab_AYA/project_2.ip_user_files/bd/BCD_modulo_3/ip/BCD_modulo_3_util_vector_logic_0_15/sim/BCD_modulo_3_util_vector_logic_0_15.v" into library xil_defaultlib
INFO: [VRFC 10-311] analyzing module BCD_modulo_3_util_vector_logic_0_15
INFO: [VRFC 10-2263] Analyzing Verilog file "C:/Users/Yasharzb/Documents/GitHub/DSD_Lab_AYA/project_2.ip_user_files/bd/BCD_modulo_3/ip/BCD_modulo_3_util_vector_logic_0_16/sim/BCD_modulo_3_util_vector_logic_0_16.v" into library xil_defaultlib
INFO: [VRFC 10-311] analyzing module BCD_modulo_3_util_vector_logic_0_16
INFO: [VRFC 10-2263] Analyzing Verilog file "C:/Users/Yasharzb/Documents/GitHub/DSD_Lab_AYA/project_2.ip_user_files/bd/BCD_modulo_3/ip/BCD_modulo_3_util_vector_logic_0_17/sim/BCD_modulo_3_util_vector_logic_0_17.v" into library xil_defaultlib
INFO: [VRFC 10-311] analyzing module BCD_modulo_3_util_vector_logic_0_17
INFO: [VRFC 10-2263] Analyzing Verilog file "C:/Users/Yasharzb/Documents/GitHub/DSD_Lab_AYA/project_2.srcs/sources_1/new/testbench.v" into library xil_defaultlib
INFO: [VRFC 10-311] analyzing module testbench
INFO: [VRFC 10-2263] Analyzing Verilog file "C:/Users/Yasharzb/Documents/GitHub/DSD_Lab_AYA/project_2.sim/sim_1/behav/xsim/glbl.v" into library xil_defaultlib
INFO: [VRFC 10-311] analyzing module glbl
