INFO: [VRFC 10-2263] Analyzing Verilog file "C:/Users/Yasharzb/Documents/GitHub/DSD_Lab_AYA/Ex_2/room/room.sim/sim_1/synth/func/xsim/room_man_test_func_synth.v" into library xil_defaultlib
INFO: [VRFC 10-311] analyzing module DFF_imp_1EUD4QC
INFO: [VRFC 10-311] analyzing module DFF_imp_1KFF5YN
INFO: [VRFC 10-311] analyzing module DFF_imp_BPGZSY
INFO: [VRFC 10-311] analyzing module DFF_imp_NY6U1L
INFO: [VRFC 10-311] analyzing module JK_FF_0_imp_WEXMUM
INFO: [VRFC 10-311] analyzing module JK_FF_1_imp_170XEQ8
INFO: [VRFC 10-311] analyzing module JK_FF_2_imp_V497TF
INFO: [VRFC 10-311] analyzing module JK_FF_3_imp_18D4FL9
INFO: [VRFC 10-311] analyzing module counter_4
INFO: [VRFC 10-311] analyzing module counter_4_and_0_0
INFO: [VRFC 10-311] analyzing module counter_4_and_0_1
INFO: [VRFC 10-311] analyzing module counter_4_and_0_2
INFO: [VRFC 10-311] analyzing module counter_4_and_0_3
INFO: [VRFC 10-311] analyzing module counter_4_and_0_4
INFO: [VRFC 10-311] analyzing module counter_4_and_0_5
INFO: [VRFC 10-311] analyzing module counter_4_and_0_6
INFO: [VRFC 10-311] analyzing module counter_4_and_0_7
INFO: [VRFC 10-311] analyzing module counter_4_and_0_8
INFO: [VRFC 10-311] analyzing module counter_4_and_1_0
INFO: [VRFC 10-311] analyzing module counter_4_and_1_1
INFO: [VRFC 10-311] analyzing module counter_4_and_1_2
INFO: [VRFC 10-311] analyzing module counter_4_and_2_0
INFO: [VRFC 10-311] analyzing module counter_4_and_2_1
INFO: [VRFC 10-311] analyzing module counter_4_and_2_2
INFO: [VRFC 10-311] analyzing module counter_4_and_4_0
INFO: [VRFC 10-311] analyzing module counter_4_not_0_1
INFO: [VRFC 10-311] analyzing module counter_4_not_0_2
INFO: [VRFC 10-311] analyzing module counter_4_not_0_3
INFO: [VRFC 10-311] analyzing module counter_4_not_0_4
INFO: [VRFC 10-311] analyzing module counter_4_not_0_5
INFO: [VRFC 10-311] analyzing module counter_4_not_1_1
INFO: [VRFC 10-311] analyzing module counter_4_not_1_2
INFO: [VRFC 10-311] analyzing module counter_4_not_1_3
INFO: [VRFC 10-311] analyzing module counter_4_not_1_4
INFO: [VRFC 10-311] analyzing module counter_4_or_0_0
INFO: [VRFC 10-311] analyzing module counter_4_or_0_1
INFO: [VRFC 10-311] analyzing module counter_4_or_0_2
INFO: [VRFC 10-311] analyzing module counter_4_or_0_3
INFO: [VRFC 10-311] analyzing module counter_4_or_1_0
INFO: [VRFC 10-311] analyzing module counter_4_util_vector_logic_0_33
INFO: [VRFC 10-311] analyzing module counter_4_util_vector_logic_0_34
INFO: [VRFC 10-311] analyzing module counter_4_util_vector_logic_0_35
INFO: [VRFC 10-311] analyzing module counter_4_util_vector_logic_0_36
INFO: [VRFC 10-311] analyzing module counter_4_util_vector_logic_0_37
INFO: [VRFC 10-311] analyzing module counter_4_util_vector_logic_0_38
INFO: [VRFC 10-311] analyzing module counter_4_util_vector_logic_0_39
INFO: [VRFC 10-311] analyzing module counter_4_util_vector_logic_0_40
INFO: [VRFC 10-311] analyzing module counter_4_util_vector_logic_0_41
INFO: [VRFC 10-311] analyzing module counter_4_util_vector_logic_0_42
INFO: [VRFC 10-311] analyzing module counter_4_util_vector_logic_0_43
INFO: [VRFC 10-311] analyzing module counter_4_util_vector_logic_0_44
INFO: [VRFC 10-311] analyzing module counter_4_util_vector_logic_0_45
INFO: [VRFC 10-311] analyzing module counter_4_util_vector_logic_0_46
INFO: [VRFC 10-311] analyzing module counter_4_util_vector_logic_0_47
INFO: [VRFC 10-311] analyzing module counter_4_util_vector_logic_0_48
INFO: [VRFC 10-311] analyzing module counter_4_util_vector_logic_0_49
INFO: [VRFC 10-311] analyzing module counter_4_util_vector_logic_0_50
INFO: [VRFC 10-311] analyzing module counter_4_util_vector_logic_0_51
INFO: [VRFC 10-311] analyzing module counter_4_util_vector_logic_0_52
INFO: [VRFC 10-311] analyzing module counter_4_util_vector_logic_0_53
INFO: [VRFC 10-311] analyzing module counter_4_util_vector_logic_0_54
INFO: [VRFC 10-311] analyzing module counter_4_util_vector_logic_0_55
INFO: [VRFC 10-311] analyzing module counter_4_util_vector_logic_0_56
INFO: [VRFC 10-311] analyzing module counter_4_util_vector_logic_0_57
INFO: [VRFC 10-311] analyzing module counter_4_util_vector_logic_0_58
INFO: [VRFC 10-311] analyzing module counter_4_util_vector_logic_0_59
INFO: [VRFC 10-311] analyzing module counter_4_util_vector_logic_0_60
INFO: [VRFC 10-311] analyzing module counter_4_util_vector_logic_0_61
INFO: [VRFC 10-311] analyzing module counter_4_util_vector_logic_0_62
INFO: [VRFC 10-311] analyzing module counter_4_util_vector_logic_0_63
INFO: [VRFC 10-311] analyzing module counter_4_util_vector_logic_0_64
INFO: [VRFC 10-311] analyzing module counter_4_util_vector_logic_0_65
INFO: [VRFC 10-311] analyzing module counter_4_util_vector_logic_0_66
INFO: [VRFC 10-311] analyzing module counter_4_util_vector_logic_0_67
INFO: [VRFC 10-311] analyzing module counter_4_util_vector_logic_0_68
INFO: [VRFC 10-311] analyzing module counter_4_util_vector_logic_0_69
INFO: [VRFC 10-311] analyzing module counter_4_util_vector_logic_0_70
INFO: [VRFC 10-311] analyzing module counter_4_util_vector_logic_0_71
INFO: [VRFC 10-311] analyzing module counter_4_util_vector_logic_0_72
INFO: [VRFC 10-311] analyzing module counter_4_util_vector_logic_0_73
INFO: [VRFC 10-311] analyzing module counter_4_util_vector_logic_1_0
INFO: [VRFC 10-311] analyzing module counter_4_util_vector_logic_2_30
INFO: [VRFC 10-311] analyzing module counter_4_util_vector_logic_2_31
INFO: [VRFC 10-311] analyzing module counter_4_util_vector_logic_2_32
INFO: [VRFC 10-311] analyzing module counter_4_util_vector_logic_2_33
INFO: [VRFC 10-311] analyzing module counter_4_util_vector_logic_2_34
INFO: [VRFC 10-311] analyzing module counter_4_util_vector_logic_2_35
INFO: [VRFC 10-311] analyzing module counter_4_util_vector_logic_2_36
INFO: [VRFC 10-311] analyzing module counter_4_util_vector_logic_2_37
INFO: [VRFC 10-311] analyzing module counter_4_util_vector_logic_2_38
INFO: [VRFC 10-311] analyzing module counter_4_util_vector_logic_2_39
INFO: [VRFC 10-311] analyzing module counter_4_util_vector_logic_2_40
INFO: [VRFC 10-311] analyzing module counter_4_util_vector_logic_2_41
INFO: [VRFC 10-311] analyzing module counter_4_util_vector_logic_2_42
INFO: [VRFC 10-311] analyzing module counter_4_util_vector_logic_2_43
INFO: [VRFC 10-311] analyzing module counter_4_util_vector_logic_2_44
INFO: [VRFC 10-311] analyzing module counter_4_util_vector_logic_2_45
INFO: [VRFC 10-311] analyzing module counter_4_util_vector_logic_2_46
INFO: [VRFC 10-311] analyzing module counter_4_util_vector_logic_2_47
INFO: [VRFC 10-311] analyzing module counter_4_util_vector_logic_2_48
INFO: [VRFC 10-311] analyzing module counter_4_util_vector_logic_2_49
INFO: [VRFC 10-311] analyzing module counter_4_util_vector_logic_2_50
INFO: [VRFC 10-311] analyzing module counter_4_util_vector_logic_2_51
INFO: [VRFC 10-311] analyzing module counter_4_util_vector_logic_2_52
INFO: [VRFC 10-311] analyzing module counter_4_util_vector_logic_2_53
INFO: [VRFC 10-311] analyzing module counter_4_util_vector_logic_2_54
INFO: [VRFC 10-311] analyzing module counter_4_util_vector_logic_2_55
INFO: [VRFC 10-311] analyzing module counter_4_util_vector_logic_2_56
INFO: [VRFC 10-311] analyzing module counter_4_util_vector_logic_2_57
INFO: [VRFC 10-311] analyzing module counter_4_util_vector_logic_2_58
INFO: [VRFC 10-311] analyzing module counter_4_util_vector_logic_2_59
INFO: [VRFC 10-311] analyzing module counter_4_util_vector_logic_2_60
INFO: [VRFC 10-311] analyzing module counter_4_util_vector_logic_2_61
INFO: [VRFC 10-311] analyzing module nand_3_0_imp_16VCLVO
INFO: [VRFC 10-311] analyzing module nand_3_0_imp_1TLDCL5
INFO: [VRFC 10-311] analyzing module nand_3_0_imp_JEVIO
INFO: [VRFC 10-311] analyzing module nand_3_0_imp_X1GRAL
INFO: [VRFC 10-311] analyzing module nand_3_1_imp_10ETVR
INFO: [VRFC 10-311] analyzing module nand_3_1_imp_16EO2DV
INFO: [VRFC 10-311] analyzing module nand_3_1_imp_1U3C8J2
INFO: [VRFC 10-311] analyzing module nand_3_1_imp_WJ6GHM
INFO: [VRFC 10-311] analyzing module nand_3_2_imp_17YVZ09
INFO: [VRFC 10-311] analyzing module nand_3_2_imp_1E42ZX
INFO: [VRFC 10-311] analyzing module nand_3_2_imp_1SJ3MX0
INFO: [VRFC 10-311] analyzing module nand_3_2_imp_W5HWCW
INFO: [VRFC 10-311] analyzing module nand_3_3_imp_17BLV72
INFO: [VRFC 10-311] analyzing module nand_3_3_imp_1T53DOZ
INFO: [VRFC 10-311] analyzing module nand_3_3_imp_212RY2
INFO: [VRFC 10-311] analyzing module nand_3_3_imp_VJTKG7
INFO: [VRFC 10-311] analyzing module nand_3_4_imp_14WGUYM
INFO: [VRFC 10-311] analyzing module nand_3_4_imp_1ROX1FN
INFO: [VRFC 10-311] analyzing module nand_3_4_imp_28XI7E
INFO: [VRFC 10-311] analyzing module nand_3_4_imp_Z8J4UV
INFO: [VRFC 10-311] analyzing module nand_3_5_imp_14ARGX5
INFO: [VRFC 10-311] analyzing module nand_3_5_imp_1SBTYZ8
INFO: [VRFC 10-311] analyzing module nand_3_5_imp_2UYB3X
INFO: [VRFC 10-311] analyzing module nand_3_5_imp_YLASG0
INFO: [VRFC 10-311] analyzing module nand_3_6_imp_162DWN7
INFO: [VRFC 10-311] analyzing module nand_3_6_imp_1QK6U2M
INFO: [VRFC 10-311] analyzing module nand_3_6_imp_3L87RR
INFO: [VRFC 10-311] analyzing module nand_3_6_imp_XV1KYY
INFO: [VRFC 10-311] analyzing module nand_3_7_imp_15K5CUS
INFO: [VRFC 10-311] analyzing module nand_3_7_imp_1R17U5L
INFO: [VRFC 10-311] analyzing module nand_3_7_imp_435COW
INFO: [VRFC 10-311] analyzing module nand_3_7_imp_XEBZR1
INFO: [VRFC 10-311] analyzing module room_man
INFO: [VRFC 10-311] analyzing module glbl
INFO: [VRFC 10-2263] Analyzing Verilog file "C:/Users/Yasharzb/Documents/GitHub/DSD_Lab_AYA/Ex_2/room/room.srcs/sources_1/new/room_man_test.v" into library xil_defaultlib
INFO: [VRFC 10-311] analyzing module room_man_test
